"../../../Mygame/Content/Interfaces/CharBox.uasset" 0
"../../../Mygame/Content/LevelNumber/LevelNumber.uasset" 1
"../../../Mygame/Content/MyCharacterOther/TexturesCharacter/bake.uasset" 2
"../../../Mygame/Content/MyCharacterOther/TexturesCharacter/MAt1.uasset" 3
"../../../Mygame/Content/MyCharacterOther/TexturesCharacter/MAt2.uasset" 4
"../../../Mygame/Content/MyCharacterOther/Animation/CatBlue.uasset" 5
"../../../Mygame/Content/MyCharacterOther/Animation/CatBlue_Skeleton2.uasset" 6
"../../../Mygame/Content/MyCharacterOther/Animation/CatBlueFly_Anim.uasset" 7
"../../../Mygame/Content/MyCharacterOther/Animation/CatBlueJump_Anim.uasset" 8
"../../../Mygame/Content/MyCharacterOther/Animation/CatBlueRun_Anim.uasset" 9
"../../../Mygame/Content/MyCharacterOther/Animation/CatBlueAminBP.uasset" 10
"../../../Engine/Content/EditorBlueprintResources/StandardMacros.uasset" 11
"../../../Mygame/Content/AiDog/32+1.uasset" 12
"../../../Mygame/Content/AiDog/32+1_Mat.uasset" 13
"../../../Mygame/Content/AiDog/dog_PhysicsAsset.uasset" 14
"../../../Mygame/Content/AiDog/dog.uasset" 15
"../../../Mygame/Content/AiDog/dog_Skeleton.uasset" 16
"../../../Mygame/Content/AiDog/dog_barks_Anim.uasset" 17
"../../../Mygame/Content/AiDog/dog_run_Anim.uasset" 18
"../../../Mygame/Content/MyCharacterOther/MyGameMode.uasset" 19
"../../../Mygame/Content/AiDog/DogAnimBP.uasset" 20
"../../../Mygame/Content/AiDog/AiDog.uasset" 21
"../../../Mygame/Content/AiDog/AIControllerDog.uasset" 22
"../../../Mygame/Content/Structures/ST_Fishes.uasset" 23
"../../../Mygame/Content/Structures/St_Time.uasset" 24
"../../../Mygame/Content/Structures/St_LvlAvaible.uasset" 25
"../../../Mygame/Content/Structures/St_Data.uasset" 26
"../../../Mygame/Content/Structures/ST_One/ST_FishesOne.uasset" 27
"../../../Mygame/Content/Structures/ST_One/ST_TimeOne.uasset" 28
"../../../Mygame/Content/Structures/ST_One/St_LvlAvaibleOne.uasset" 29
"../../../Mygame/Content/Structures/ST_One/St_DataOne.uasset" 30
"../../../Mygame/Content/MusicPlayer/MusicPlayer.uasset" 31
"../../../Mygame/Content/Textures/stars/3-stars-outlines_318-51165.uasset" 32
"../../../Mygame/Content/Textures/stars/can_play.uasset" 33
"../../../Mygame/Content/Textures/stars/CatLevel.uasset" 34
"../../../Mygame/Content/Textures/stars/edit_delete.uasset" 35
"../../../Mygame/Content/Textures/stars/onestar.uasset" 36
"../../../Mygame/Content/Textures/stars/twostars.uasset" 37
"../../../Mygame/Content/UMG/icons/glassPanel.uasset" 38
"../../../Mygame/Content/UMG/icons/glassPanel_corners.uasset" 39
"../../../Mygame/Content/UMG/icons/glassPanel_projection.uasset" 40
"../../../Mygame/Content/UMG/icons/open.uasset" 41
"../../../Mygame/Content/UMG/Levels/MenuLevels.uasset" 42
"../../../Mygame/Content/Textures/stars/06_1024.uasset" 43
"../../../Mygame/Content/Textures/stars/CatMainMenu.uasset" 44
"../../../Mygame/Content/UMG/Location.uasset" 45
"../../../Mygame/Content/UMG/icons/exitLeft.uasset" 46
"../../../Mygame/Content/UMG/icons/glassPanel_tab.uasset" 47
"../../../Mygame/Content/UMG/icons/right.uasset" 48
"../../../Mygame/Content/UMG/icons/shoppingCart.uasset" 49
"../../../Mygame/Content/UMG/icons/wrench.uasset" 50
"../../../Mygame/Content/UMG/icons/audioOff.uasset" 51
"../../../Mygame/Content/UMG/icons/audioOn.uasset" 52
"../../../Mygame/Content/UMG/Settings/SoundEffect.uasset" 53
"../../../Mygame/Content/UMG/icons/musicOff.uasset" 54
"../../../Mygame/Content/UMG/icons/musicOn.uasset" 55
"../../../Mygame/Content/UMG/Settings/SoundMusicPicture.uasset" 56
"../../../Mygame/Content/UMG/Settings/MainSettings.uasset" 57
"../../../Mygame/Content/UMG/umg/Exit.uasset" 58
"../../../Mygame/Content/UMG/MainMenu.uasset" 59
"../../../Mygame/Content/Save/MySave.uasset" 60
"../../../Mygame/Content/MobileStarterContent/Audio/Collapse01.uasset" 61
"../../../Mygame/Content/MobileStarterContent/Audio/Collapse02.uasset" 62
"../../../Mygame/Content/MobileStarterContent/Audio/Collapse_Cue.uasset" 63
"../../../Mygame/Content/MobileStarterContent/Audio/Fire01.uasset" 64
"../../../Mygame/Content/MobileStarterContent/Audio/Fire01_Cue.uasset" 65
"../../../Mygame/Content/MobileStarterContent/Audio/Light02.uasset" 66
"../../../Mygame/Content/MobileStarterContent/Audio/Light02_Cue.uasset" 67
"../../../Mygame/Content/MusicPlayer/EffectsPlayer.uasset" 68
"../../../Mygame/Content/UMG/icons/hourglass.uasset" 69
"../../../Mygame/Content/UMG/icons/pause.uasset" 70
"../../../Mygame/Content/UMG/icons/return.uasset" 71
"../../../Mygame/Content/UMG/icons/stars/star.uasset" 72
"../../../Mygame/Content/UMG/icons/stars/StarWhite.uasset" 73
"../../../Mygame/Content/UMG/umg/ResultsMenu.uasset" 74
"../../../Mygame/Content/UMG/umg/Menu.uasset" 75
"../../../Mygame/Content/UMG/umg/interface.uasset" 76
"../../../Mygame/Content/Save/MyGameInstance.uasset" 77
"../../../Mygame/Content/Textures/particles/T_Burst_M.uasset" 78
"../../../Mygame/Content/MobileStarterContent/Particles/Materials/M_Burst.uasset" 79
"../../../Mygame/Content/Textures/particles/T_Explosion_SubUV.uasset" 80
"../../../Mygame/Content/MobileStarterContent/Particles/Materials/M_explosion_subUV.uasset" 81
"../../../Mygame/Content/MobileStarterContent/Particles/Materials/m_flare_01.uasset" 82
"../../../Engine/Content/Functions/Engine_MaterialFunctions01/Gradient/RadialGradient.uasset" 83
"../../../Mygame/Content/MobileStarterContent/Particles/Materials/M_radial_ramp.uasset" 84
"../../../Mygame/Content/Textures/particles/T_Smoke_SubUV.uasset" 85
"../../../Mygame/Content/Textures/particles/T_Smoke_Tiled_D.uasset" 86
"../../../Mygame/Content/MobileStarterContent/Particles/Materials/M_smoke_subUV.uasset" 87
"../../../Mygame/Content/MobileStarterContent/Particles/P_Explosion.uasset" 88
"../../../Mygame/Content/MobileStarterContent/Particles/Materials/M_Radial_Gradient.uasset" 89
"../../../Mygame/Content/Textures/particles/T_Spark_Core.uasset" 90
"../../../Mygame/Content/MobileStarterContent/Particles/Materials/M_Spark.uasset" 91
"../../../Mygame/Content/MobileStarterContent/Particles/P_Sparks.uasset" 92
"../../../Mygame/Content/UMG/GameOver.uasset" 93
"../../../Mygame/Content/UMG/umg/GameOverRestart.uasset" 94
"../../../Mygame/Content/MyCharacterOther/Mycharacter.uasset" 95
"../../../Mygame/Content/BoxTriggers/TriggerFinishedLeveles.uasset" 96
"../../../Engine/Content/EngineMaterials/T_Default_Material_Grid_M.uasset" 97
"../../../Engine/Content/EngineMaterials/T_Default_Material_Grid_N.uasset" 98
"../../../Mygame/Content/GameModels/EditorCube.uasset" 99
"../../../Engine/Content/Functions/Engine_MaterialFunctions01/Opacity/CameraDepthFade.uasset" 100
"../../../Engine/Content/EngineMaterials/DefaultMaterial.uasset" 101
"../../../Mygame/Content/GameModels/SM_Template_Map_Floor.uasset" 102
"../../../Mygame/Content/Maps/Story1/level5.umap" 103
"../../../Mygame/Content/Maps/Story2/Level2-4.umap" 104
"../../../Mygame/Content/Maps/Story2/Level2-2.umap" 105
"../../../Engine/Content/EngineMaterials/WorldGridMaterial.uasset" 106
"../../../Mygame/Content/GameModels/untitled14.uasset" 107
"../../../Mygame/Content/UsingAnimals/Fish.uasset" 108
"../../../Mygame/Content/GameModels/SM_Rock.uasset" 109
"../../../Mygame/Content/UsingThings/Rock.uasset" 110
"../../../Engine/Content/EditorMeshes/EditorCube.uasset" 111
"../../../Mygame/Content/Maps/Story1/level3.umap" 112
"../../../Mygame/Content/MobileStarterContent/Audio/Starter_Music01.uasset" 113
"../../../Mygame/Content/MobileStarterContent/Audio/Starter_Music_Cue.uasset" 114
"../../../Mygame/Content/Maps/Story1/level2.umap" 115
"../../../Mygame/Content/Maps/Story2/Level2-5.umap" 116
"../../../Mygame/Content/Maps/Story1/level6.umap" 117
"../../../Mygame/Content/Maps/Story2/level2-6.umap" 118
"../../../Mygame/Content/Maps/mainmenulevel.umap" 119
"../../../Mygame/Content/Maps/Story1/level4.umap" 120
"../../../Mygame/Content/Maps/Story2/Level2-3.umap" 121
"../../../Mygame/Content/BoxTriggers/TriggerSpeed.uasset" 122
"../../../Mygame/Content/UsingAnimals/Bird/birdp2.uasset" 123
"../../../Mygame/Content/UsingAnimals/Bird/birdp2_Mat.uasset" 124
"../../../Mygame/Content/UsingAnimals/Bird/bird1_PhysicsAsset.uasset" 125
"../../../Mygame/Content/UsingAnimals/Bird/bird1.uasset" 126
"../../../Mygame/Content/UsingAnimals/Bird/bird1_Skeleton.uasset" 127
"../../../Mygame/Content/UsingAnimals/Bird/bird1_Anim.uasset" 128
"../../../Mygame/Content/MobileStarterContent/Audio/Explosion01.uasset" 129
"../../../Mygame/Content/MobileStarterContent/Audio/Explosion02.uasset" 130
"../../../Mygame/Content/MobileStarterContent/Audio/Explosion_Cue.uasset" 131
"../../../Mygame/Content/UsingAnimals/Bird/BirdActor.uasset" 132
"../../../Mygame/Content/GameModels/Vedro_tex.uasset" 133
"../../../Mygame/Content/GameModels/vedro.uasset" 134
"../../../Mygame/Content/GameModels/vedro_Mat.uasset" 135
"../../../Mygame/Content/GameModels/vedro1.uasset" 136
"../../../Mygame/Content/UsingThings/TrashCan.uasset" 137
"../../../Mygame/Content/GameModels/Level1-1/2tex.uasset" 138
"../../../Mygame/Content/GameModels/Level1-1/2tex_Mat.uasset" 139
"../../../Mygame/Content/GameModels/Level1-1/4tex.uasset" 140
"../../../Mygame/Content/GameModels/Level1-1/4tex_Mat.uasset" 141
"../../../Mygame/Content/GameModels/Level1-1/5tex.uasset" 142
"../../../Mygame/Content/GameModels/Level1-1/5tex_Mat.uasset" 143
"../../../Mygame/Content/GameModels/Level1-1/7tex.uasset" 144
"../../../Mygame/Content/GameModels/Level1-1/7tex_Mat.uasset" 145
"../../../Mygame/Content/GameModels/lanscape/moun.uasset" 146
"../../../Mygame/Content/GameModels/lanscape/moun_Mat.uasset" 147
"../../../Mygame/Content/GameModels/lanscape/mountain.uasset" 148
"../../../Mygame/Content/GameModels/Level1-1/32-0000000.uasset" 149
"../../../Mygame/Content/GameModels/Level1-1/32-0000000_Mat.uasset" 150
"../../../Mygame/Content/GameModels/Level1-1/32.uasset" 151
"../../../Mygame/Content/GameModels/Level1-1/32-111111111111.uasset" 152
"../../../Mygame/Content/GameModels/Level1-1/32-111111111111_Mat.uasset" 153
"../../../Mygame/Content/GameModels/Level1-1/32-1.uasset" 154
"../../../Mygame/Content/GameModels/Level1-1/derevo114.uasset" 155
"../../../Mygame/Content/GameModels/Level1-1/derevo148.uasset" 156
"../../../Mygame/Content/GameModels/Level1-1/derevo151-161.uasset" 157
"../../../Mygame/Content/GameModels/Level1-1/derevo160.uasset" 158
"../../../Mygame/Content/GameModels/Level1-1/derevo51.uasset" 159
"../../../Mygame/Content/GameModels/Level1-1/derevo56.uasset" 160
"../../../Mygame/Content/GameModels/Level1-1/derevo64-140.uasset" 161
"../../../Mygame/Content/GameModels/Level1-1/derevo65+70.uasset" 162
"../../../Mygame/Content/GameModels/Level1-1/6tex.uasset" 163
"../../../Mygame/Content/GameModels/Level1-1/6tex_Mat.uasset" 164
"../../../Mygame/Content/GameModels/Level1-1/derevo71+130.uasset" 165
"../../../Mygame/Content/GameModels/Level1-1/derevo74+129.uasset" 166
"../../../Mygame/Content/GameModels/Level1-1/1tex.uasset" 167
"../../../Mygame/Content/GameModels/Level1-1/1tex_Mat.uasset" 168
"../../../Mygame/Content/GameModels/Level1-1/tree1.uasset" 169
"../../../Mygame/Content/GameModels/Level1-1/tree11.uasset" 170
"../../../Mygame/Content/GameModels/Level1-1/tree7.uasset" 171
"../../../Mygame/Content/GameModels/Stolb_Tex.uasset" 172
"../../../Mygame/Content/GameModels/stolb_Mat.uasset" 173
"../../../Mygame/Content/GameModels/stolb.uasset" 174
"../../../Mygame/Content/Maps/Story1/level1.umap" 175
"../../../Mygame/Content/Maps/Story2/Level2-1.umap" 176
"../../../Engine/Content/EngineFonts/Roboto.uasset" 177
"../../../Engine/Content/Functions/Engine_MaterialFunctions01/Shading/PowerToRoughness.uasset" 178
"../../../Engine/Content/Functions/Engine_MaterialFunctions01/Shading/ConvertFromDiffSpec.uasset" 179
"../../../Engine/Content/EngineMaterials/DefaultDiffuse.uasset" 180
"../../../Engine/Content/EngineMaterials/DefaultDeferredDecalMaterial.uasset" 181
"../../../Engine/Content/EngineMaterials/DefaultLightFunctionMaterial.uasset" 182
"../../../Engine/Content/Functions/Engine_MaterialFunctions02/Utility/BreakOutFloat2Components.uasset" 183
"../../../Engine/Content/EngineMaterials/DefaultPostProcessMaterial.uasset" 184
"../../../Engine/Content/EngineResources/DefaultTexture.uasset" 185
"../../../Engine/Content/Functions/Engine_MaterialFunctions02/Texturing/ScreenAlignedUVs.uasset" 186
"../../../Engine/Content/EngineResources/WhiteSquareTexture.uasset" 187
"../../../Engine/Content/EngineMaterials/Widget3DPassThrough.uasset" 188
"../../../Engine/Content/EngineMaterials/Widget3DPassThrough_Translucent.uasset" 189
"../../../Engine/Content/EngineMaterials/Widget3DPassThrough_Translucent_OneSided.uasset" 190
"../../../Engine/Content/EngineMaterials/Widget3DPassThrough_Opaque.uasset" 191
"../../../Engine/Content/EngineMaterials/Widget3DPassThrough_Opaque_OneSided.uasset" 192
"../../../Engine/Content/EngineMaterials/Widget3DPassThrough_Masked.uasset" 193
"../../../Engine/Content/EngineMaterials/Widget3DPassThrough_Masked_OneSided.uasset" 194
"../../../Engine/Content/EditorResources/S_Actor.uasset" 195
"../../../Engine/Content/Maps/Templates/Thumbnails/Default.uasset" 196
"../../../Engine/Content/EditorMaterials/ParticleSystems/PSysThumbnail_NoImage.uasset" 197
"../../../Engine/Content/EditorMaterials/ParticleSystems/PSysThumbnail_OOD.uasset" 198
"../../../Engine/Content/EditorLandscapeResources/DataLayer.uasset" 199
"../../../Engine/Content/EngineDamageTypes/DmgTypeBP_Environmental.uasset" 200
"../../../Engine/Content/EngineMeshes/Sphere.uasset" 201
"../../../Engine/Content/EngineFonts/RobotoDistanceField.uasset" 202
"../../../Engine/Content/EngineMaterials/DefaultTextMaterialOpaque.uasset" 203
"../../../Engine/Content/EditorResources/S_Trigger.uasset" 204
"../../../Engine/Content/EngineResources/GradientTexture0.uasset" 205
"../../../Engine/Content/EngineResources/Black.uasset" 206
"../../../Engine/Content/EditorMaterials/MatineeGroups/MAT_Groups_Float.uasset" 207
"../../../Engine/Content/EditorMaterials/MatineeGroups/MAT_Groups_Director.uasset" 208
"../../../Engine/Content/EditorMaterials/MatineeGroups/MAT_Groups_Event.uasset" 209
"../../../Engine/Content/EditorMaterials/MatineeGroups/MAT_Groups_Anim.uasset" 210
"../../../Engine/Content/EditorMaterials/MatineeGroups/MAT_Groups_Fade.uasset" 211
"../../../Engine/Content/EditorMaterials/MatineeGroups/MAT_Groups_Move.uasset" 212
"../../../Engine/Content/EditorMaterials/MatineeGroups/MAT_Groups_Slomo.uasset" 213
"../../../Engine/Content/EditorMaterials/MatineeGroups/MAT_ColorTrack.uasset" 214
"../../../Engine/Content/EditorMaterials/MAT_Groups_Toggle.uasset" 215
"../../../Engine/Content/EditorMaterials/MatineeGroups/MAT_Groups_AudioMaster.uasset" 216
"../../../Engine/Content/EditorMaterials/MatineeGroups/MAT_Groups_Sound.uasset" 217
"../../../Engine/Content/EditorMaterials/MatineeGroups/MAT_Groups_Vector.uasset" 218
"../../../Engine/Content/EditorMaterials/MAT_Groups_Visibility.uasset" 219
"../../../Engine/Content/EngineResources/DefaultTextureCube.uasset" 220
"../../../Engine/Content/EngineMeshes/Cylinder.uasset" 221
"../../../Engine/Content/EngineTireTypes/DefaultTireType.uasset" 222
"../../../Engine/Content/EngineResources/AICON-Red.uasset" 223
"../../../Engine/Content/EngineResources/AICON-Green.uasset" 224
"../../../Engine/Content/Tutorial/Basics/TutorialAssets/icon_tab_Levels_40x.uasset" 225
"../../../Engine/Content/Tutorial/Basics/LevelEditorOverview.uasset" 226
"../../../Engine/Content/Tutorial/BlueprintTutorials/TutorialAssets/Blueprint_64x.uasset" 227
"../../../Engine/Content/Tutorial/BlueprintTutorials/BlueprintEditorTutorial.uasset" 228
"../../../Engine/Content/Tutorial/Basics/LevelEditorAttract.uasset" 229
"../../../Engine/Content/Tutorial/BlueprintTutorials/LevelBlueprintEditorOverview.uasset" 230
"../../../Engine/Content/Tutorial/ContentIntroCurve.uasset" 231
"../../../Engine/Plugins/2D/Paper2D/Content/PlaceholderTextures/DummySpriteTexture.uasset" 232
"../../../Engine/Plugins/2D/Paper2D/Content/DefaultSpriteMaterial.uasset" 233
"../../../Engine/Plugins/2D/Paper2D/Content/MaskedUnlitSpriteMaterial.uasset" 234
"../../../Engine/Plugins/2D/Paper2D/Content/OpaqueUnlitSpriteMaterial.uasset" 235
"../../../Engine/Plugins/2D/Paper2D/Content/DummySpriteTexture.uasset" 236
"../../../Engine/Plugins/2D/Paper2D/Content/DummySprite.uasset" 237
"../../../Engine/Plugins/2D/Paper2D/Content/DefaultPaperTerrainMaterial.uasset" 238
"../../../Engine/Plugins/Runtime/LeapMotionController/Content/LM_CapsuleMesh.uasset" 239
"../../../Engine/Plugins/Runtime/LeapMotionController/Content/LM_TorusMesh.uasset" 240
"../../../Engine/Plugins/Runtime/LeapMotionController/Content/LM_HandColor.uasset" 241
"../../../Engine/Plugins/Runtime/LeapMotionController/Content/LM_SampleDistortion.uasset" 242
"../../../Engine/Plugins/Runtime/LeapMotionController/Content/LM_TestTexture.uasset" 243
"../../../Engine/Plugins/Runtime/LeapMotionController/Content/LM_PassthroughMaterial.uasset" 244
"../../../Engine/Content/BasicShapes/Cube.uasset" 245
"../../../Engine/Content/EngineMaterials/RemoveSurfaceMaterial.uasset" 246
"../../../Engine/Content/EngineDebugMaterials/DebugMeshMaterial.uasset" 247
"../../../Engine/Content/EngineMaterials/InvalidLightmapSettings.uasset" 248
"../../../Engine/Content/EngineMaterials/M_InvalidLightmapSettings.uasset" 249
"../../../Engine/Content/EditorMaterials/GizmoMaterial.uasset" 250
"../../../Engine/Content/EngineMaterials/Good64x64TilingNoiseHighFreq.uasset" 251
"../../../Engine/Content/EngineMaterials/DefaultBokeh.uasset" 252
"../../../Engine/Content/EngineMaterials/PreintegratedSkinBRDF.uasset" 253
"../../../Engine/Content/EngineMaterials/MiniFont.uasset" 254
"../../../Engine/Content/EngineMaterials/WeightMapPlaceholderTexture.uasset" 255
"../../../Engine/Content/EngineMaterials/DefaultWhiteGrid.uasset" 256
"../../../Engine/Content/EngineMaterials/DefaultPhysicalMaterial.uasset" 257
"../../../Engine/Content/EngineFonts/RobotoTiny.uasset" 258
"../../../Mygame/Content/MobileStarterContent/Props/MaterialSphere.uasset" 259
"../../../Mygame/Content/Textures/particles/T_Bush_D.uasset" 260
"../../../Mygame/Content/Textures/particles/T_Bush_N.uasset" 261
"../../../Mygame/Content/MobileStarterContent/Props/Materials/M_Bush.uasset" 262
"../../../Mygame/Content/MobileStarterContent/Props/SM_Bush.uasset" 263
"../../../Mygame/Content/MobileStarterContent/Props/SM_Couch.uasset" 264
"../../../Mygame/Content/Textures/particles/T_Door_M.uasset" 265
"../../../Mygame/Content/Textures/particles/T_Door_N.uasset" 266
"../../../Mygame/Content/MobileStarterContent/Props/Materials/M_Door.uasset" 267
"../../../Mygame/Content/MobileStarterContent/Props/SM_Door.uasset" 268
"../../../Mygame/Content/Textures/particles/T_Shelf_M.uasset" 269
"../../../Mygame/Content/Textures/particles/T_Shelf_N.uasset" 270
"../../../Mygame/Content/MobileStarterContent/Props/Materials/M_Shelf.uasset" 271
"../../../Mygame/Content/MobileStarterContent/Props/SM_Shelf.uasset" 272
"../../../Mygame/Content/UsingAnimals/Snake/snak2.uasset" 273
"../../../Mygame/Content/UsingAnimals/Snake/snak2_Mat.uasset" 274
"../../../Mygame/Content/GameModels/untitled5.uasset" 275
"../../../Mygame/Content/UsingAnimals/Snake/snak5.uasset" 276
"../../../Mygame/Content/UsingAnimals/Snake/snak5_Mat.uasset" 277
"../../../Mygame/Content/UsingAnimals/Snake/SmallSnake/smallsnake1.uasset" 278
"../../../Mygame/Content/UsingAnimals/Snake/SmallSnake/smallsnake1_Skeleton.uasset" 279
"../../../Mygame/Content/UsingAnimals/Snake/SmallSnake/smallsnake1_Anim_Armature_Action1.uasset" 280
"../../../Mygame/Content/UsingAnimals/Snake/SmallSnake/smallsnake1_Anim_Armature_Action4.uasset" 281
"../../../Mygame/Content/GameModels/Level1-1/derevo159.uasset" 282
"../../../Mygame/Content/GameModels/Level1-1/derevo163.uasset" 283
"../../../Mygame/Content/GameModels/Level1-1/derevo164.uasset" 284
"../../../Mygame/Content/GameModels/Level1-1/derevo165.uasset" 285
"../../../Mygame/Content/GameModels/Level1-1/derevo166.uasset" 286
"../../../Mygame/Content/GameModels/Level1-1/derevo52.uasset" 287
"../../../Mygame/Content/GameModels/Level1-1/derevo53.uasset" 288
"../../../Mygame/Content/GameModels/Level1-1/derevo54.uasset" 289
"../../../Mygame/Content/GameModels/Level1-1/derevo55.uasset" 290
"../../../Mygame/Content/GameModels/Level1-1/derevo62+72.uasset" 291
"../../../Mygame/Content/GameModels/Level1-1/derevo63+73.uasset" 292
"../../../Mygame/Content/GameModels/Level1-1/derevo81.uasset" 293
"../../../Mygame/Content/GameModels/Level1-1/derevo84.uasset" 294
"../../../Mygame/Content/GameModels/Level1-1/derevo85.uasset" 295
"../../../Mygame/Content/GameModels/Level1-1/derevo87.uasset" 296
"../../../Mygame/Content/GameModels/Level1-1/derevo88.uasset" 297
"../../../Mygame/Content/GameModels/Level1-1/derevo89.uasset" 298
"../../../Mygame/Content/GameModels/Level1-1/tree10.uasset" 299
"../../../Mygame/Content/GameModels/Level1-1/tree12.uasset" 300
"../../../Mygame/Content/GameModels/Level1-1/tree2.uasset" 301
"../../../Mygame/Content/GameModels/Level1-1/tree3.uasset" 302
"../../../Mygame/Content/GameModels/Level1-1/tree5.uasset" 303
"../../../Mygame/Content/GameModels/Level1-1/tree6.uasset" 304
"../../../Mygame/Content/GameModels/Level1-1/tree8.uasset" 305
"../../../Mygame/Content/GameModels/Level1-1/tree9.uasset" 306
"../../../Mygame/Content/MobileStarterContent/Architecture/Wall_Door_400x300.uasset" 307
"../../../Mygame/Content/MobileStarterContent/Audio/Light01.uasset" 308
"../../../Mygame/Content/MobileStarterContent/Audio/Light01_Cue.uasset" 309
"../../../Mygame/Content/MobileStarterContent/Audio/Starter_Birds01.uasset" 310
"../../../Mygame/Content/MobileStarterContent/Audio/Starter_Wind05.uasset" 311
"../../../Mygame/Content/MobileStarterContent/Audio/Starter_Wind06.uasset" 312
"../../../Mygame/Content/MobileStarterContent/Audio/Starter_Background_Cue.uasset" 313
"../../../Engine/Content/MobileResources/HUD/MobileHUDDirectionPad3.uasset" 314
"../../../Engine/Content/MobileResources/HUD/T_Castle_ThumbstickInner.uasset" 315
"../../../Mygame/Content/UMG/trash/MenuLevelsButton.uasset" 316
"../../../Mygame/Content/UMG/trash/MainMenuButton.uasset" 317
"../../../Mygame/Content/UMG/trash/MenuLevelsButton_2.uasset" 318
"../../../Mygame/Content/UMG/Levels/MenuLevels_2.uasset" 319
"../../../Mygame/Content/UMG/trash/LocationButton.uasset" 320
"../../../Mygame/Content/UMG/trash/lil2.uasset" 321
"../../../Mygame/Content/UMG/icons/stars/transparentLight26.uasset" 322
"../../../Mygame/Content/UMG/Duplicate/MainSettings_2.uasset" 323
"../../../Mygame/Content/UMG/Duplicate/MainMenu2.uasset" 324
"../../../Mygame/Content/UMG/Duplicate/Location2.uasset" 325
"../../../Mygame/Content/UMG/Duplicate/GameOver2.uasset" 326
"../../../Mygame/Content/Textures/towers/untitled2-90-512.uasset" 327
"../../../Mygame/Content/Textures/towers/untitled2-90-512_Mat.uasset" 328
"../../../Mygame/Content/Textures/fruits/kiwi-arbuz_tex.uasset" 329
"../../../Mygame/Content/Textures/fruits/kiwi-arbuz_Mat.uasset" 330
"../../../Mygame/Content/Textures/fruits/kiwi-arbuz.uasset" 331
"../../../Engine/Content/EditorResources/EmptyActor.uasset" 332
"../../../Mygame/Content/GameModels/prival2.uasset" 333
"../../../Mygame/Content/GameModels/prival2_Mat.uasset" 334
"../../../Mygame/Content/GameModels/m_prival2.uasset" 335
"../../../Mygame/Content/GameModels/prival1.uasset" 336
"../../../Mygame/Content/GameModels/prival1_Mat.uasset" 337
"../../../Mygame/Content/GameModels/m_prival1.uasset" 338
"../../../Mygame/Content/GameModels/bilding.uasset" 339
"../../../Mygame/Content/BoxTriggers/TriggerFinishedLevel.uasset" 340
"../../../Mygame/Content/BoxTriggers/TriggerDown.uasset" 341
"../../../Engine/Content/MobileResources/T_MobileMenu2.uasset" 342
"../../../Mygame/Content/UsingAnimals/FishBack2.uasset" 343
"../../../Mygame/Content/UsingAnimals/FishBack.uasset" 344
"../../../Mygame/Content/UMG/icons/stars/transparentLight16.uasset" 345
"../../../Mygame/Content/MobileStarterContent/Props/Materials/M_MaterialSphere_Plain.uasset" 346
"../../../Mygame/Content/MobileStarterContent/Props/Materials/M_MaterialSphere.uasset" 347
"../../../Mygame/Content/MobileStarterContent/Props/SM_Stairs.uasset" 348
"../../../Mygame/Content/Textures/fruits/fruits1_Tex.uasset" 349
"../../../Mygame/Content/fruits1_Tex.uasset" 350
"../../../Mygame/Content/Textures/fruits/fruits1_Tex_Mat.uasset" 351
"../../../Mygame/Content/Textures/fruits/fruits1.uasset" 352
"../../../Mygame/Content/fruits1.uasset" 353
"../../../Engine/Content/MobileResources/HUD/T_Castle_ThumbstickOutter.uasset" 354
"../../../Engine/Content/MobileResources/HUD/MobileHUDDirectionPad.uasset" 355
"../../../Mygame/Content/LevelNumber.uasset" 356
"../../../Engine/Content/MobileResources/HUD/MobileHUDDirectionStick.uasset" 357
"../../../Engine/Content/EditorResources/AudioIcons/S_AudioComponent_AutoActivate.uasset" 358
"../../../Engine/Content/MobileResources/HUD/MobileHUDButton2_on.uasset" 359
"../../../Engine/Content/MobileResources/HUD/MobileHUDDirectionPad2.uasset" 360
"../../../Mygame/Content/UsingAnimals/Snake/snak3.uasset" 361
"../../../Mygame/Content/UsingAnimals/Snake/snak3_Mat.uasset" 362
"../../../Mygame/Content/UMG/Duplicate/MenuLevels2.uasset" 363
"../../../Mygame/Content/MyCharacterOther/Animation/Jump_Crouch_Anim.uasset" 364
"../../../Mygame/Content/Textures/particles/T_Fire_SubUV.uasset" 365
"../../../Mygame/Content/Textures/particles/T_Fire_Tiled_D.uasset" 366
"../../../Mygame/Content/MobileStarterContent/Particles/Materials/M_Fire_SubUV.uasset" 367
"../../../Mygame/Content/MobileStarterContent/Particles/P_Fire.uasset" 368
"../../../Mygame/Content/MobileStarterContent/Blueprints/Blueprint_Effect_Fire.uasset" 369
"../../../Mygame/Content/MobileStarterContent/Blueprints/Blueprint_Effect_Explosion.uasset" 370
"../../../Mygame/Content/MobileStarterContent/Audio/Steam01.uasset" 371
"../../../Mygame/Content/MobileStarterContent/Audio/Steam01_Cue.uasset" 372
"../../../Mygame/Content/UMG/icons/stars/transparentDark26.uasset" 373
"../../../Engine/Content/MobileResources/HUD/AnalogHat.uasset" 374
"../../../Engine/Content/MobileResources/HUD/VirtualJoystick_Background.uasset" 375
"../../../Engine/Content/MobileResources/HUD/VirtualJoystick_Thumb.uasset" 376
"../../../Engine/Content/MobileResources/HUD/LeftVirtualJoystickOnly.uasset" 377
"../../../Engine/Content/MobileResources/HUD/DefaultVirtualJoysticks.uasset" 378
"../../../Engine/Content/MobileResources/T_MobileControls_texture.uasset" 379
"../../../Engine/Content/MobileResources/HUD/MobileHUDButton1_off.uasset" 380
"../../../Mygame/Content/Textures/particles/T_Dust_Particle_D.uasset" 381
"../../../Mygame/Content/MobileStarterContent/Particles/Materials/M_Dust_Particle.uasset" 382
"../../../Mygame/Content/MobileStarterContent/Particles/P_Ambient_Dust.uasset" 383
"../../../Mygame/Content/MobileStarterContent/Audio/Fire_Sparks01.uasset" 384
"../../../Mygame/Content/MobileStarterContent/Audio/Fire_Sparks01_Cue.uasset" 385
"../../../Mygame/Content/MobileStarterContent/Blueprints/Blueprint_Effect_Sparks.uasset" 386
"../../../Mygame/Content/MobileStarterContent/Audio/Smoke01.uasset" 387
"../../../Mygame/Content/MobileStarterContent/Audio/Smoke01_Cue.uasset" 388
"../../../Mygame/Content/MobileStarterContent/Particles/P_Smoke.uasset" 389
"../../../Mygame/Content/MobileStarterContent/Blueprints/Blueprint_Effect_Smoke.uasset" 390
"../../../Mygame/Content/GameModels/Level1-1/3tex.uasset" 391
"../../../Mygame/Content/GameModels/Level1-1/3tex_Mat.uasset" 392
"../../../Mygame/Content/UsingAnimals/Snake/snak1.uasset" 393
"../../../Mygame/Content/UsingAnimals/Snake/snak1_Mat.uasset" 394
"../../../Mygame/Content/UsingAnimals/Snake/bigsnake_PhysicsAsset.uasset" 395
"../../../Mygame/Content/UsingAnimals/Snake/bigsnake.uasset" 396
"../../../Mygame/Content/UsingAnimals/Snake/bigsnake_Skeleton.uasset" 397
"../../../Mygame/Content/UsingAnimals/Snake/bigsnake_Anim_Skelett_Action4.uasset" 398
"../../../Mygame/Content/UsingAnimals/Snake/bigsnake_Anim_Skelett_Action3.uasset" 399
"../../../Mygame/Content/UsingAnimals/Snake/bigsnake_Anim_Skelett_Action2.uasset" 400
"../../../Mygame/Content/UsingAnimals/Snake/bigsnake_Anim_Skelett_Action1.uasset" 401
"../../../Mygame/Content/UsingAnimals/Bird/birdp8.uasset" 402
"../../../Mygame/Content/UsingAnimals/Bird/birdp8_Mat.uasset" 403
"../../../Mygame/Content/UsingAnimals/Snake/SmallSnake/smallsnake2.uasset" 404
"../../../Mygame/Content/UMG/icons/stars/shadedDark18.uasset" 405
"../../../Mygame/Content/UsingAnimals/Bird/birdp5.uasset" 406
"../../../Mygame/Content/UsingAnimals/Bird/birdp5_Mat.uasset" 407
"../../../Mygame/Content/UsingAnimals/Bird/bird2_Anim.uasset" 408
"../../../Mygame/Content/UMG/icons/stars/transparentDark16.uasset" 409
"../../../Mygame/Content/UsingAnimals/Snake/snak4.uasset" 410
"../../../Mygame/Content/UsingAnimals/Snake/snak4_Mat.uasset" 411
"../../../Mygame/Content/UsingThings/rock2.uasset" 412
"../../../Mygame/Content/UsingAnimals/Bird/birdp4.uasset" 413
"../../../Mygame/Content/UsingAnimals/Bird/birdp4_Mat.uasset" 414
"../../../Mygame/Content/UMG/icons/stars/lineLight16.uasset" 415
"../../../Mygame/Content/UMG/icons/stars/flatLight16.uasset" 416
"../../../Mygame/Content/UMG/icons/home.uasset" 417
"../../../Engine/Content/MobileResources/HUD/MobileHUDButton2_off.uasset" 418
"../../../Engine/Content/MobileResources/HUD/MobileHUDButton1_on.uasset" 419
"../../../Engine/Content/MobileResources/HUD/MobileHUDButtonFire.uasset" 420
"../../../Mygame/Content/UsingAnimals/Bird/birdp7.uasset" 421
"../../../Mygame/Content/UsingAnimals/Bird/birdp7_Mat.uasset" 422
"../../../Mygame/Content/UMG/Duplicate/MenuLevels_3.uasset" 423
"../../../Mygame/Content/UsingAnimals/Bird/birdp3.uasset" 424
"../../../Mygame/Content/UsingAnimals/Bird/birdp3_Mat.uasset" 425
"../../../Mygame/Content/Textures/stars/9428514c67baa405acaf50af13c4b702.uasset" 426
"../../../Mygame/Content/UsingAnimals/Bird/birdp6.uasset" 427
"../../../Mygame/Content/UsingAnimals/Bird/birdp6_Mat.uasset" 428
"../../../Mygame/Content/UMG/icons/stars/flatDark27.uasset" 429
"../../../Engine/Content/MobileResources/HUD/MobileHUDButton3.uasset" 430
"../../../Mygame/Content/UMG/icons/arrowLeft.uasset" 431
"../../../Mygame/Content/Textures/stars/CatMainMenu_Mat.uasset" 432
"../../../Mygame/Content/Textures/stars/CatLevel_Mat.uasset" 433
"../../../Engine/Content/EditorMaterials/PhAT_JointLimitMaterial.uasset" 434
"../../../Engine/Content/EditorMaterials/PreviewShadowIndicator.uasset" 435
"../../../Engine/Content/EditorMaterials/PreviewShadowIndicatorMaterial.uasset" 436
"../../../Engine/Content/EditorMeshes/ColorCalibrator/M_ChromeBall.uasset" 437
"../../../Engine/Content/EditorMeshes/ColorCalibrator/M_ClearCoat.uasset" 438
"../../../Engine/Content/EditorMeshes/ColorCalibrator/M_ClearCoatBlack.uasset" 439
"../../../Engine/Content/EditorMeshes/ColorCalibrator/T_ColorGrid.uasset" 440
"../../../Engine/Content/EditorMeshes/ColorCalibrator/M_ColorGrid.uasset" 441
"../../../Engine/Content/EditorMeshes/ColorCalibrator/M_GreyBall.uasset" 442
"../../../Engine/Content/EditorMeshes/ColorCalibrator/SM_ColorCalibrator.uasset" 443
"../../../Engine/Content/EditorResources/BSPVertex.uasset" 444
"../../../Engine/Content/EngineDebugMaterials/HeatmapGradient.uasset" 445
"../../../Engine/Content/EngineDebugMaterials/BoneWeightMaterial.uasset" 446
"../../../Engine/Content/EngineDebugMaterials/GeomMaterial.uasset" 447
"../../../Engine/Content/EngineMaterials/EditorBrushMaterial.uasset" 448
"../../../Engine/Content/Tutorial/BlueprintTutorials/TutorialAssets/BlueprintInterface_64x.uasset" 449
"../../../Engine/Content/Tutorial/BlueprintTutorials/TutorialAssets/Tutorial_BP_Interface.uasset" 450
"../../../Engine/Content/Tutorial/BlueprintTutorials/BlueprintInterfacesEditorOverview.uasset" 451
"../../../Engine/Content/Tutorial/BlueprintTutorials/TutorialAssets/BlueprintMacroLibrary_64x.uasset" 452
"../../../Engine/Content/Tutorial/BlueprintTutorials/TutorialAssets/Tutorial_BP_MacroLib.uasset" 453
"../../../Engine/Content/Tutorial/BlueprintTutorials/BlueprintMacroLibrariesEditorOverview.uasset" 454
"../../../Engine/Content/Tutorial/Foliage/TutorialAssets/Foliage.uasset" 455
"../../../Engine/Content/Tutorial/Foliage/Foliage_Settings_Tutorial.uasset" 456
"../../../Engine/Content/Tutorial/Foliage/Foliage_Using_The_Tool_Tutorial.uasset" 457
"../../../Engine/Content/Tutorial/Foliage/Foliage_Intro_Tutorial.uasset" 458
"../../../Engine/Content/Tutorial/Landscape/TutorialAssets/Landscape.uasset" 459
"../../../Engine/Content/Tutorial/Landscape/Landscape_Painting_Mode.uasset" 460
"../../../Engine/Content/Tutorial/Landscape/Landscape_Sculpt_Mode.uasset" 461
"../../../Engine/Content/Tutorial/Landscape/Landscape_Manage_Mode.uasset" 462
"../../../Engine/Content/Tutorial/Paper2D/TutorialAssets/Paper2DFlipbook_TutorialIcon.uasset" 463
"../../../Engine/Content/Tutorial/Paper2D/FlipbookEditorTutorial.uasset" 464
"../../../Engine/Content/Tutorial/Paper2D/TutorialAssets/Paper2DSprite_TutorialIcon.uasset" 465
"../../../Engine/Content/Tutorial/Paper2D/SpriteEditorTutorial.uasset" 466
"../../../Engine/Content/Tutorial/SubEditors/TutorialAssets/Tutorial_DM.uasset" 467
"../../../Engine/Content/Tutorial/SubEditors/DestructibleMeshEditorTutorial.uasset" 468
"../../../Engine/Content/Tutorial/SubEditors/TutorialAssets/TutorialMaterial.uasset" 469
"../../../Engine/Content/Tutorial/SubEditors/MaterialEditorTutorial.uasset" 470
"../../../Engine/Content/Tutorial/SubEditors/TutorialAssets/T_SmokeSubUV_8X8.uasset" 471
"../../../Engine/Content/Tutorial/SubEditors/TutorialAssets/T_soft_smoke.uasset" 472
"../../../Engine/Content/Tutorial/SubEditors/TutorialAssets/M_smoke_subUV_blackbody.uasset" 473
"../../../Mygame/Content/Textures/particles/TutorialParticleSystem.uasset" 474
"../../../Engine/Content/Tutorial/SubEditors/ParticleSystemEditorTutorial.uasset" 475
"../../../Engine/Content/Tutorial/SubEditors/TutorialAssets/icon_ShowSkeletalMeshes_40x.uasset" 476
"../../../Engine/Content/Tutorial/SubEditors/TutorialAssets/Character/TutorialTPP_Mat.uasset" 477
"../../../Engine/Content/Tutorial/SubEditors/TutorialAssets/Character/TutorialTPP_PhysicsAsset.uasset" 478
"../../../Engine/Content/Tutorial/SubEditors/TutorialAssets/Character/TutorialTPP.uasset" 479
"../../../Engine/Content/Tutorial/SubEditors/TutorialAssets/Character/TutorialTPP_Skeleton.uasset" 480
"../../../Engine/Content/Tutorial/SubEditors/TutorialAssets/Character/Tutorial_Idle.uasset" 481
"../../../Engine/Content/Tutorial/SubEditors/TutorialAssets/Character/Tutorial_Walk_Fwd.uasset" 482
"../../../Engine/Content/Tutorial/SubEditors/TutorialAssets/Character/NewBlendSpace1D.uasset" 483
"../../../Engine/Content/Tutorial/SubEditors/TutorialAssets/Character/TutorialCharacter.uasset" 484
"../../../Engine/Content/Tutorial/SubEditors/TutorialAssets/Character/TutorialTPP_AnimBlueprint.uasset" 485
"../../../Engine/Content/Tutorial/SubEditors/PersonaAnimBlueprintEditorWalkthrough.uasset" 486
"../../../Engine/Content/Tutorial/SubEditors/PersonaAnimEditorWalkthrough.uasset" 487
"../../../Engine/Content/EngineMeshes/Cube.uasset" 488
"../../../Engine/Content/Tutorial/SubEditors/StaticMeshEditorTutorial.uasset" 489
"../../../Engine/Content/Tutorial/SubEditors/TutorialAssets/icon_Editor_Preferences_General_40x.uasset" 490
"../../../Mygame/Content/1028-50.uasset" 491
"../../../Mygame/Content/1028-50_Mat.uasset" 492
"../../../Mygame/Content/1920_Mat.uasset" 493
"../../../Mygame/Content/ll.uasset" 494
"../../../Mygame/Content/ll_Mat.uasset" 495
"../../../Mygame/Content/untitled1_Mat.uasset" 496
"../../../Mygame/Content/untitled9.uasset" 497
"../../../Mygame/Content/untitled_Mat.uasset" 498
"../../../Mygame/Content/Textures/city.uasset" 499
"../../../Mygame/Content/Textures/city1.uasset" 500
