"../../../Mygame/Content/Structures/ST_Fishes.uasset" 0
"../../../Mygame/Content/Structures/St_LvlAvaible.uasset" 1
"../../../Mygame/Content/Structures/St_Data.uasset" 2
"../../../Mygame/Content/Textures/CatMainMenu.uasset" 3
"../../../Mygame/Content/Textures/3-stars-outlines_318-51165.uasset" 4
"../../../Mygame/Content/Textures/can_play.uasset" 5
"../../../Mygame/Content/Textures/edit_delete.uasset" 6
"../../../Mygame/Content/Textures/onestar.uasset" 7
"../../../Mygame/Content/Textures/twostars.uasset" 8
"../../../Mygame/Content/UMG/EnumMainMenu.uasset" 9
"../../../Mygame/Content/Textures/CatLevel.uasset" 10
"../../../Mygame/Content/MyCharacterOther/animation74/bake.uasset" 11
"../../../Mygame/Content/MyCharacterOther/animation74/MAt1.uasset" 12
"../../../Mygame/Content/MyCharacterOther/animation74/MAt2.uasset" 13
"../../../Mygame/Content/MyCharacterOther/animation74/untitled74.uasset" 14
"../../../Mygame/Content/MyCharacterOther/animation74/untitled74_Skeleton.uasset" 15
"../../../Mygame/Content/MyCharacterOther/animation74/untitled92_Anim.uasset" 16
"../../../Mygame/Content/MyCharacterOther/animation74/untitled93_Anim.uasset" 17
"../../../Mygame/Content/MyCharacterOther/animation74/untitled94_Anim.uasset" 18
"../../../Mygame/Content/MyCharacterOther/animation74/AnimBlueprint.uasset" 19
"../../../Mygame/Content/Interfaces/CharBox.uasset" 20
"../../../Mygame/Content/MyCharacterOther/Mycharacter.uasset" 21
"../../../Mygame/Content/UMG/EnumLevel.uasset" 22
"../../../Mygame/Content/UMG/MenuLevelsButton.uasset" 23
"../../../Mygame/Content/UMG/MenuLevels.uasset" 24
"../../../Mygame/Content/UMG/MainMenuButton.uasset" 25
"../../../Mygame/Content/UMG/MainMenu.uasset" 26
"../../../Mygame/Content/Textures/06_1024.uasset" 27
"../../../Mygame/Content/UMG/umg/GameHud.uasset" 28
"../../../Mygame/Content/UMG/EnumPause.uasset" 29
"../../../Mygame/Content/UMG/EnumMenu.uasset" 30
"../../../Mygame/Content/UMG/umg/MenuButton.uasset" 31
"../../../Mygame/Content/UMG/umg/Menu.uasset" 32
"../../../Mygame/Content/UMG/umg/PauseButton.uasset" 33
"../../../Mygame/Content/UMG/umg/interface.uasset" 34
"../../../Mygame/Content/UMG/umg/ResultsMenu.uasset" 35
"../../../Mygame/Content/Save/MyGameInstance.uasset" 36
"../../../Engine/Content/EngineSky/T_Sky_Blue.uasset" 37
"../../../Engine/Content/EngineSky/T_Sky_Clouds_M.uasset" 38
"../../../Engine/Content/EngineSky/T_Sky_Stars.uasset" 39
"../../../Mygame/Content/Maps/mainmenulevel.umap" 40
"../../../Mygame/Content/BoxTriggers/TriggerDown.uasset" 41
"../../../Mygame/Content/LevelNumber/LevelNumber.uasset" 42
"../../../Mygame/Content/BoxTriggers/TriggerFinishedLeveles.uasset" 43
"../../../Engine/Content/Functions/Engine_MaterialFunctions01/Opacity/CameraDepthFade.uasset" 44
"../../../Engine/Content/EngineMaterials/T_Default_Material_Grid_M.uasset" 45
"../../../Engine/Content/EngineMaterials/T_Default_Material_Grid_N.uasset" 46
"../../../Engine/Content/EngineMaterials/WorldGridMaterial.uasset" 47
"../../../Mygame/Content/GameModels/untitled14.uasset" 48
"../../../Mygame/Content/UsingAnimals/Fish.uasset" 49
"../../../Mygame/Content/UsingAnimals/FishBack.uasset" 50
"../../../Engine/Content/EngineMaterials/DefaultMaterial.uasset" 51
"../../../Engine/Content/MapTemplates/SM_Template_Map_Floor.uasset" 52
"../../../Mygame/Content/Textures/city1.uasset" 53
"../../../Mygame/Content/Textures/matcity.uasset" 54
"../../../Mygame/Content/Textures/city.uasset" 55
"../../../Mygame/Content/Maps/level1.umap" 56
"../../../Engine/Content/EngineFonts/Roboto.uasset" 57
"../../../Engine/Content/Functions/Engine_MaterialFunctions01/Shading/PowerToRoughness.uasset" 58
"../../../Engine/Content/EngineMaterials/DefaultDiffuse.uasset" 59
"../../../Engine/Content/EngineMaterials/DefaultDeferredDecalMaterial.uasset" 60
"../../../Engine/Content/EngineMaterials/DefaultLightFunctionMaterial.uasset" 61
"../../../Engine/Content/Functions/Engine_MaterialFunctions02/Utility/BreakOutFloat2Components.uasset" 62
"../../../Engine/Content/EngineMaterials/DefaultPostProcessMaterial.uasset" 63
"../../../Engine/Content/EngineResources/DefaultTexture.uasset" 64
"../../../Engine/Content/Functions/Engine_MaterialFunctions02/Texturing/ScreenAlignedUVs.uasset" 65
"../../../Engine/Content/EngineResources/WhiteSquareTexture.uasset" 66
"../../../Engine/Content/EngineMaterials/Widget3DPassThrough.uasset" 67
"../../../Engine/Content/EngineMaterials/Widget3DPassThrough_Translucent.uasset" 68
"../../../Engine/Content/EngineMaterials/Widget3DPassThrough_Translucent_OneSided.uasset" 69
"../../../Engine/Content/EngineMaterials/Widget3DPassThrough_Opaque.uasset" 70
"../../../Engine/Content/EngineMaterials/Widget3DPassThrough_Opaque_OneSided.uasset" 71
"../../../Engine/Content/EngineMaterials/Widget3DPassThrough_Masked.uasset" 72
"../../../Engine/Content/EngineMaterials/Widget3DPassThrough_Masked_OneSided.uasset" 73
"../../../Engine/Content/EditorResources/S_Actor.uasset" 74
"../../../Engine/Content/EditorResources/S_Emitter.uasset" 75
"../../../Engine/Content/EditorResources/SceneManager.uasset" 76
"../../../Engine/Content/EditorResources/Bad.uasset" 77
"../../../Engine/Content/EditorResources/Bkgnd.uasset" 78
"../../../Engine/Content/EditorResources/BkgndHi.uasset" 79
"../../../Engine/Content/EditorMeshes/EditorCube.uasset" 80
"../../../Engine/Content/EditorMeshes/EditorSphere.uasset" 81
"../../../Engine/Content/EditorMeshes/EditorPlane.uasset" 82
"../../../Engine/Content/EditorMeshes/EditorCylinder.uasset" 83
"../../../Engine/Content/Maps/Templates/Thumbnails/Default.uasset" 84
"../../../Engine/Content/EditorMaterials/Thumbnails/SkySphereMaterial.uasset" 85
"../../../Engine/Content/EditorMeshes/EditorSkySphere.uasset" 86
"../../../Engine/Content/EngineMaterials/Grid.uasset" 87
"../../../Engine/Content/EditorMaterials/Thumbnails/FloorPlaneMaterial.uasset" 88
"../../../Engine/Content/EditorMaterials/ParticleSystems/PSysThumbnail_NoImage.uasset" 89
"../../../Engine/Content/EditorMaterials/ParticleSystems/PSysThumbnail_OOD.uasset" 90
"../../../Engine/Content/EditorResources/S_DecalActorIcon.uasset" 91
"../../../Engine/Content/EditorLandscapeResources/LandscapeGizmo_Mat.uasset" 92
"../../../Engine/Content/EditorLandscapeResources/LandscapeGizmo_Mat_Copied.uasset" 93
"../../../Engine/Content/EditorLandscapeResources/LandscapeGizmoHeight_Mat.uasset" 94
"../../../Engine/Content/EditorLandscapeResources/DataLayer.uasset" 95
"../../../Engine/Content/EditorResources/S_Terrain.uasset" 96
"../../../Engine/Content/EditorLandscapeResources/SplineEditorMeshMat.uasset" 97
"../../../Engine/Content/EditorLandscapeResources/SplineEditorMesh.uasset" 98
"../../../Engine/Content/EditorResources/MatineeCam_D.uasset" 99
"../../../Engine/Content/EditorMaterials/MatineeCam_mat.uasset" 100
"../../../Engine/Content/EditorMeshes/MatineeCam_SM.uasset" 101
"../../../Engine/Content/Functions/Engine_MaterialFunctions02/Utility/Sign.uasset" 102
"../../../Engine/Content/Functions/Engine_MaterialFunctions02/Utility/Round.uasset" 103
"../../../Engine/Content/Functions/Engine_MaterialFunctions02/ExampleContent/Textures/flipbook.uasset" 104
"../../../Engine/Content/Functions/Engine_MaterialFunctions02/Texturing/FlipBook.uasset" 105
"../../../Engine/Content/EditorResources/T_EditorHelp.uasset" 106
"../../../Engine/Content/EditorMaterials/HelpActorMaterial.uasset" 107
"../../../Engine/Content/EditorResources/S_ExpoHeightFog.uasset" 108
"../../../Engine/Content/EditorResources/S_NavP.uasset" 109
"../../../Engine/Content/EditorResources/S_Player.uasset" 110
"../../../Engine/Content/EditorResources/LightIcons/SkyLight.uasset" 111
"../../../Engine/Content/EditorResources/S_WindDirectional.uasset" 112
"../../../Engine/Content/EngineDamageTypes/DmgTypeBP_Environmental.uasset" 113
"../../../Engine/Content/EditorResources/LightIcons/S_LightDirectional.uasset" 114
"../../../Engine/Content/EditorResources/LightIcons/S_LightDirectionalMove.uasset" 115
"../../../Engine/Content/EditorResources/LightIcons/S_LightPoint.uasset" 116
"../../../Engine/Content/EditorResources/LightIcons/S_LightPointMove.uasset" 117
"../../../Engine/Content/EditorResources/LightIcons/S_LightSpot.uasset" 118
"../../../Engine/Content/EditorResources/LightIcons/S_LightSpotMove.uasset" 119
"../../../Engine/Content/EditorResources/MatInstActSprite.uasset" 120
"../../../Engine/Content/EditorResources/AI/S_NavLink.uasset" 121
"../../../Engine/Content/EditorResources/S_Note.uasset" 122
"../../../Engine/Content/EngineMeshes/Sphere.uasset" 123
"../../../Engine/Content/EditorResources/S_ReflActorIcon.uasset" 124
"../../../Engine/Content/EditorResources/S_Thruster.uasset" 125
"../../../Engine/Content/EditorResources/S_RadForce.uasset" 126
"../../../Engine/Content/EditorMaterials/TargetIcon.uasset" 127
"../../../Engine/Content/EngineFonts/RobotoDistanceField.uasset" 128
"../../../Engine/Content/EngineMaterials/DefaultTextMaterialOpaque.uasset" 129
"../../../Engine/Content/EditorResources/S_TextRenderActorIcon.uasset" 130
"../../../Engine/Content/EditorResources/S_Trigger.uasset" 131
"../../../Engine/Content/EditorResources/S_VectorFieldVol.uasset" 132
"../../../Engine/Content/EngineResources/GradientTexture0.uasset" 133
"../../../Engine/Content/EngineResources/Black.uasset" 134
"../../../Engine/Content/EditorMaterials/MatineeGroups/MAT_Groups_Float.uasset" 135
"../../../Engine/Content/EditorMaterials/MatineeGroups/MAT_Groups_Director.uasset" 136
"../../../Engine/Content/EditorMaterials/MatineeGroups/MAT_Groups_Event.uasset" 137
"../../../Engine/Content/EditorMaterials/MatineeGroups/MAT_Groups_Anim.uasset" 138
"../../../Engine/Content/EditorMaterials/MatineeGroups/MAT_Groups_Fade.uasset" 139
"../../../Engine/Content/EditorMaterials/MatineeGroups/MAT_Groups_Move.uasset" 140
"../../../Engine/Content/EditorMaterials/MatineeGroups/MAT_Groups_Slomo.uasset" 141
"../../../Engine/Content/EditorMaterials/MatineeGroups/MAT_ColorTrack.uasset" 142
"../../../Engine/Content/EditorMaterials/MAT_Groups_Toggle.uasset" 143
"../../../Engine/Content/EditorMaterials/MatineeGroups/MAT_Groups_AudioMaster.uasset" 144
"../../../Engine/Content/EditorMaterials/MatineeGroups/MAT_Groups_Sound.uasset" 145
"../../../Engine/Content/EditorMaterials/MatineeGroups/MAT_Groups_Vector.uasset" 146
"../../../Engine/Content/EditorMaterials/MAT_Groups_Visibility.uasset" 147
"../../../Engine/Content/EngineResources/DefaultTextureCube.uasset" 148
"../../../Engine/Content/EngineMeshes/Cylinder.uasset" 149
"../../../Engine/Content/EngineTireTypes/DefaultTireType.uasset" 150
"../../../Engine/Content/EditorResources/S_FTest.uasset" 151
"../../../Engine/Content/EngineResources/AICON-Red.uasset" 152
"../../../Engine/Content/EngineResources/AICON-Green.uasset" 153
"../../../Engine/Plugins/2D/Paper2D/Content/PlaceholderTextures/DummySpriteTexture.uasset" 154
"../../../Engine/Plugins/2D/Paper2D/Content/DefaultSpriteMaterial.uasset" 155
"../../../Engine/Plugins/2D/Paper2D/Content/MaskedUnlitSpriteMaterial.uasset" 156
"../../../Engine/Plugins/2D/Paper2D/Content/OpaqueUnlitSpriteMaterial.uasset" 157
"../../../Engine/Plugins/2D/Paper2D/Content/DummySprite.uasset" 158
"../../../Engine/Plugins/2D/Paper2D/Content/DefaultPaperTerrainMaterial.uasset" 159
"../../../Engine/Content/EditorSounds/Notifications/CompileSuccess.uasset" 160
"../../../Engine/Content/EditorSounds/Notifications/CompileStart_Cue.uasset" 161
"../../../Engine/Content/EditorSounds/Notifications/CompileSuccess_Cue.uasset" 162
"../../../Engine/Content/EditorSounds/Notifications/CompileFailed.uasset" 163
"../../../Engine/Content/EditorSounds/Notifications/CompileFailed_Cue.uasset" 164
"../../../Engine/Content/BufferVisualization/BaseColor.uasset" 165
"../../../Engine/Content/BufferVisualization/CustomDepth.uasset" 166
"../../../Engine/Content/Functions/Engine_MaterialFunctions02/Utility/MakeFloat2.uasset" 167
"../../../Engine/Content/Functions/Engine_MaterialFunctions02/Utility/MakeFloat3.uasset" 168
"../../../Engine/Content/EngineMaterials/MiniFont.uasset" 169
"../../../Engine/Content/BufferVisualization/CustomStencil.uasset" 170
"../../../Engine/Content/BufferVisualization/DecalMask.uasset" 171
"../../../Engine/Content/BufferVisualization/FinalImage.uasset" 172
"../../../Engine/Content/BufferVisualization/LightingModel.uasset" 173
"../../../Engine/Content/BufferVisualization/MaterialAO.uasset" 174
"../../../Engine/Content/BufferVisualization/Metallic.uasset" 175
"../../../Engine/Content/BufferVisualization/Opacity.uasset" 176
"../../../Engine/Content/BufferVisualization/Roughness.uasset" 177
"../../../Engine/Content/BufferVisualization/SceneColor.uasset" 178
"../../../Engine/Content/BufferVisualization/SceneDepth.uasset" 179
"../../../Engine/Content/BufferVisualization/SeparateTranslucencyRGB.uasset" 180
"../../../Engine/Content/BufferVisualization/SeparateTranslucencyA.uasset" 181
"../../../Engine/Content/BufferVisualization/Specular.uasset" 182
"../../../Engine/Content/BufferVisualization/SubsurfaceColor.uasset" 183
"../../../Engine/Content/BufferVisualization/WorldNormal.uasset" 184
"../../../Engine/Content/EngineMaterials/DefaultPhysicalMaterial.uasset" 185
"../../../Engine/Content/BufferVisualization/AmbientOcclusion.uasset" 186
"../../../Engine/Content/Functions/Engine_MaterialFunctions02/Utility/VectorLength.uasset" 187
"../../../Engine/Content/BufferVisualization/CustomDepthWorldUnits.uasset" 188
"../../../Engine/Content/BufferVisualization/SceneDepthWorldUnits.uasset" 189
"../../../Engine/Plugins/Runtime/LeapMotionController/Content/LM_CapsuleMesh.uasset" 190
"../../../Engine/Plugins/Runtime/LeapMotionController/Content/LM_TorusMesh.uasset" 191
"../../../Engine/Plugins/Runtime/LeapMotionController/Content/LM_HandColor.uasset" 192
"../../../Engine/Plugins/Runtime/LeapMotionController/Content/LM_SampleDistortion.uasset" 193
"../../../Engine/Plugins/Runtime/LeapMotionController/Content/LM_TestTexture.uasset" 194
"../../../Engine/Plugins/Runtime/LeapMotionController/Content/LM_PassthroughMaterial.uasset" 195
"../../../Engine/Content/BasicShapes/Cube.uasset" 196
"../../../Engine/Content/EngineMaterials/HighResolutionScreenshotMaskFunction.uasset" 197
"../../../Engine/Content/EngineMaterials/HighResScreenshot.uasset" 198
"../../../Engine/Content/EngineMaterials/HighResScreenshotMask.uasset" 199
"../../../Engine/Content/EngineMaterials/HighResScreenshotCaptureRegion.uasset" 200
"../../../Engine/Content/EngineDebugMaterials/WireframeMaterial.uasset" 201
"../../../Engine/Content/Functions/Engine_MaterialFunctions01/Shading/ConvertFromDiffSpec.uasset" 202
"../../../Engine/Content/EngineDebugMaterials/LevelColorationLitMaterial.uasset" 203
"../../../Engine/Content/EngineDebugMaterials/LevelColorationUnlitMaterial.uasset" 204
"../../../Engine/Content/EngineMaterials/DefaultWhiteGrid.uasset" 205
"../../../Engine/Content/EngineDebugMaterials/MAT_LevelColorationLitLightmapUV.uasset" 206
"../../../Engine/Content/EngineDebugMaterials/ShadedLevelColorationLitMaterial.uasset" 207
"../../../Engine/Content/EngineDebugMaterials/ShadedLevelColorationUnlitMateri.uasset" 208
"../../../Engine/Content/EngineDebugMaterials/VertexColorMaterial.uasset" 209
"../../../Engine/Content/EngineDebugMaterials/VertexColorViewMode_ColorOnly.uasset" 210
"../../../Engine/Content/EngineDebugMaterials/VertexColorViewMode_AlphaAsColor.uasset" 211
"../../../Engine/Content/EngineDebugMaterials/VertexColorViewMode_RedOnly.uasset" 212
"../../../Engine/Content/EngineDebugMaterials/VertexColorViewMode_GreenOnly.uasset" 213
"../../../Engine/Content/EngineDebugMaterials/VertexColorViewMode_BlueOnly.uasset" 214
"../../../Engine/Content/EngineMaterials/RemoveSurfaceMaterial.uasset" 215
"../../../Engine/Content/EngineDebugMaterials/DebugMeshMaterial.uasset" 216
"../../../Engine/Content/EngineMaterials/InvalidLightmapSettings.uasset" 217
"../../../Engine/Content/EngineMaterials/M_InvalidLightmapSettings.uasset" 218
"../../../Engine/Content/EditorMaterials/GizmoMaterial.uasset" 219
"../../../Engine/Content/EngineDebugMaterials/GeomMaterial.uasset" 220
"../../../Engine/Content/EngineMaterials/EditorBrushMaterial.uasset" 221
"../../../Engine/Content/EngineDebugMaterials/HeatmapGradient.uasset" 222
"../../../Engine/Content/EngineDebugMaterials/BoneWeightMaterial.uasset" 223
"../../../Engine/Content/EditorMaterials/PreviewShadowIndicator.uasset" 224
"../../../Engine/Content/EditorMaterials/PreviewShadowIndicatorMaterial.uasset" 225
"../../../Engine/Content/EditorMaterials/PhAT_JointLimitMaterial.uasset" 226
"../../../Engine/Content/EditorResources/BSPVertex.uasset" 227
"../../../Engine/Content/EngineMaterials/Good64x64TilingNoiseHighFreq.uasset" 228
"../../../Engine/Content/EngineMaterials/DefaultBokeh.uasset" 229
"../../../Engine/Content/EngineMaterials/PreintegratedSkinBRDF.uasset" 230
"../../../Engine/Content/EngineMaterials/WeightMapPlaceholderTexture.uasset" 231
"../../../Engine/Content/EngineFonts/RobotoTiny.uasset" 232
"../../../Engine/Content/Tutorial/Basics/TutorialAssets/icon_tab_Levels_40x.uasset" 233
"../../../Engine/Content/Tutorial/Basics/LevelEditorOverview.uasset" 234
"../../../Engine/Content/Tutorial/BlueprintTutorials/TutorialAssets/Blueprint_64x.uasset" 235
"../../../Engine/Content/Tutorial/BlueprintTutorials/BlueprintEditorTutorial.uasset" 236
"../../../Engine/Content/Tutorial/Basics/LevelEditorAttract.uasset" 237
"../../../Engine/Content/Tutorial/BlueprintTutorials/LevelBlueprintEditorOverview.uasset" 238
"../../../Engine/Content/Tutorial/ContentIntroCurve.uasset" 239
"../../../Engine/Content/EditorMaterials/Cross.uasset" 240
"../../../Engine/Content/EditorMaterials/Cross_Mat.uasset" 241
"../../../Engine/Content/EditorMaterials/PhAT_BoneSelectedMaterial.uasset" 242
"../../../Engine/Content/EditorMaterials/PhAT_ElemSelectedMaterial.uasset" 243
"../../../Engine/Content/EditorMaterials/PhAT_NoCollisionMaterial.uasset" 244
"../../../Engine/Content/EditorMaterials/PhAT_UnselectedMaterial.uasset" 245
"../../../Engine/Content/EditorMaterials/Tick.uasset" 246
"../../../Engine/Content/EditorMaterials/Tick_Mat.uasset" 247
"../../../Engine/Content/EditorMaterials/WidgetGridVertexColorMaterial.uasset" 248
"../../../Engine/Content/EditorMaterials/WidgetGridVertexColorMaterial_Ma.uasset" 249
"../../../Engine/Content/EditorMaterials/WidgetMaterial.uasset" 250
"../../../Engine/Content/EditorMaterials/WidgetMaterial_Current.uasset" 251
"../../../Engine/Content/EditorMaterials/WidgetMaterial_X.uasset" 252
"../../../Engine/Content/EditorMaterials/WidgetMaterial_Y.uasset" 253
"../../../Engine/Content/EditorMaterials/WidgetMaterial_Z.uasset" 254
"../../../Engine/Content/EditorMaterials/WidgetVertexColorMaterial.uasset" 255
"../../../Engine/Content/EditorMaterials/CompositeARGBLayer.uasset" 256
"../../../Engine/Content/EditorMaterials/TilingAALineIntegral.uasset" 257
"../../../Engine/Content/EditorMaterials/TilingAALineBoxFiltered.uasset" 258
"../../../Engine/Content/Functions/Engine_MaterialFunctions03/Procedurals/ComputeFilterWidth.uasset" 259
"../../../Engine/Content/EditorMaterials/TilingAADots.uasset" 260
"../../../Engine/Content/EditorMaterials/Cascade/CASC_Cross.uasset" 261
"../../../Engine/Content/EditorMaterials/Cascade/CASC_None.uasset" 262
"../../../Engine/Content/Functions/Engine_MaterialFunctions03/Blends/Blend_Screen.uasset" 263
"../../../Engine/Content/EditorMaterials/TilingAAGrid.uasset" 264
"../../../Engine/Content/EditorMaterials/LevelGridMaterial.uasset" 265
"../../../Engine/Content/EditorResources/SmallFont.uasset" 266
"../../../Engine/Content/EditorResources/S_KBSJoint.uasset" 267
"../../../Engine/Content/EditorResources/S_KHinge.uasset" 268
"../../../Engine/Content/EditorResources/S_KPrismatic.uasset" 269
"../../../Engine/Content/EditorResources/LightIcons/S_LightError.uasset" 270
"../../../Engine/Content/EditorResources/Spline/T_Loft_Spline.uasset" 271
"../../../Engine/Content/EngineMaterials/BlinkingCaret.uasset" 272
"../../../Engine/Content/EngineMaterials/DefaultNormal.uasset" 273
"../../../Engine/Content/EngineMaterials/Grid_N.uasset" 274
"../../../Engine/Content/EngineMaterials/LandscapeHolePhysicalMaterial.uasset" 275
"../../../Engine/Content/EngineMaterials/PaperDiffuse.uasset" 276
"../../../Engine/Content/EngineMaterials/PaperNormal.uasset" 277
"../../../Engine/Content/EngineMaterials/PhysMat_Rubber.uasset" 278
"../../../Engine/Content/EngineFonts/SmallFont.uasset" 279
"../../../Engine/Content/EngineFonts/TinyFont.uasset" 280
"../../../Engine/Content/EngineResources/StreamingPauseIcon.uasset" 281
"../../../Engine/Content/EngineResources/M_StreamingPause.uasset" 282
"../../../Engine/Content/EditorLandscapeResources/DefaultAlphaTexture.uasset" 283
"../../../Mygame/Content/MyCharacterOther/TexturesCharacter/bake.uasset" 284
"../../../Engine/Content/Tutorial/SubEditors/TutorialAssets/icon_ShowSkeletalMeshes_40x.uasset" 285
"../../../Engine/Content/Tutorial/SubEditors/PersonaAnimEditorWalkThrough.uasset" 286
"../../../Engine/Content/Tutorial/SubEditors/MaterialEditorTutorial.uasset" 287
"../../../Engine/Content/BasicShapes/Sphere.uasset" 288
"../../../Engine/Content/BasicShapes/Cylinder.uasset" 289
"../../../Engine/Content/BasicShapes/Cone.uasset" 290
"../../../Engine/Content/EditorMaterials/MakeCompositeARGBLayer.uasset" 291
"../../../Engine/Content/EditorResources/LevelGrid1DStripes.uasset" 292
"../../../Engine/Content/EditorMaterials/TextureGridCascaded1D.uasset" 293
"../../../Engine/Content/EditorMaterials/TextureGridCascaded2D.uasset" 294
"../../../Engine/Content/EditorMaterials/LevelGridMaterial2.uasset" 295
"../../../Engine/Content/EditorBlueprintResources/StandardMacros.uasset" 296
"../../../Engine/Content/EngineSky/C_Sky_Cloud_Color.uasset" 297
"../../../Engine/Content/EngineSky/C_Sky_Horizon_Color.uasset" 298
"../../../Engine/Content/EngineSky/C_Sky_Zenith_Color.uasset" 299
"../../../Engine/Content/EngineSky/SM_SkySphere.uasset" 300
"../../../Engine/Content/EngineSky/M_Sky_Panning_Clouds2.uasset" 301
"../../../Engine/Content/EngineSky/BP_Sky_Sphere.uasset" 302
"../../../Engine/Content/ArtTools/RenderToTexture/Enums/RenderToTexture_Imposter_Enum.uasset" 303
"../../../Engine/Content/ArtTools/RenderToTexture/Enums/RenderToTexture_Flipbook_Enum.uasset" 304
"../../../Engine/Content/ArtTools/RenderToTexture/Enums/RenderToTexture_Enum.uasset" 305
"../../../Engine/Content/Tutorial/BlueprintTutorials/TutorialAssets/Tutorial_BP_MacroLib.uasset" 306
"../../../Engine/Content/EditorBlueprintResources/ActorMacros.uasset" 307
"../../../Engine/Content/MobileResources/T_MobileMenu2.uasset" 308
"../../../Engine/Content/MobileResources/HUD/MobileHUDButton1_on.uasset" 309
"../../../Engine/Content/MobileResources/HUD/MobileHUDButton3.uasset" 310
"../../../Engine/Content/ArtTools/RenderToTexture/Enums/EFloatTypes.uasset" 311
"../../../Engine/Content/ArtTools/RenderToTexture/Macros/RenderToTextureMacros.uasset" 312
"../../../Engine/Content/EditorMaterials/AntialiasedGridFloor.uasset" 313
"../../../Engine/Content/EditorResources/TilePatine_D.uasset" 314
"../../../Engine/Content/EditorResources/TilePatine_N.uasset" 315
"../../../Engine/Content/EditorMaterials/PersonaFloorMat.uasset" 316
"../../../Engine/Content/EditorMaterials/GridMaterial.uasset" 317
"../../../Engine/Content/EditorMeshes/PhAT_FloorBox.uasset" 318
"../../../Engine/Content/MobileResources/HUD/MobileHUDDirectionPad2.uasset" 319
"../../../Engine/Content/MobileResources/HUD/T_Castle_ThumbstickInner.uasset" 320
"../../../Engine/Content/MapTemplates/Sky/DaylightAmbientCubemap.uasset" 321
"../../../Engine/Content/MapTemplates/Sky/T_Sky_Stars.uasset" 322
"../../../Engine/Content/MapTemplates/Sky/T_UDK_Sky_CloudMask01_N.uasset" 323
"../../../Engine/Content/EditorMaterials/PersonaSky.uasset" 324
"../../../Engine/Content/MapTemplates/Sky/M_Procedural_Sky_MASTER02.uasset" 325
"../../../Engine/Content/MapTemplates/Sky/SM_SkySphere.uasset" 326
"../../../Engine/Content/EditorResources/EmptyActor.uasset" 327
"../../../Mygame/Content/MyCharacterOther/animation74/untitled94.uasset" 328
"../../../Mygame/Content/MyCharacterOther/animation74/untitled93.uasset" 329
"../../../Mygame/Content/MyCharacterOther/animation74/untitled92.uasset" 330
"../../../Engine/Content/EditorSounds/GamePreview/EndPlayInEditor.uasset" 331
"../../../Engine/Content/EditorSounds/GamePreview/EndPlayInEditor_Cue.uasset" 332
"../../../Mygame/Content/MyCharacterOther/animation74/untitled91.uasset" 333
"../../../Mygame/Content/MyCharacterOther/animation74/untitled74_Anim.uasset" 334
"../../../Mygame/Content/MyCharacterOther/animation74/untitled91_Anim.uasset" 335
"../../../Mygame/Content/MyCharacterOther/animation74/city1.uasset" 336
"../../../Mygame/Content/MyCharacterOther/MyGameMode.uasset" 337
"../../../Engine/Content/EditorSounds/GamePreview/StartPlayInEditor.uasset" 338
"../../../Engine/Content/EditorSounds/GamePreview/StartPlayInEditor_Cue.uasset" 339
"../../../Mygame/Content/GameModels/EditorCube.uasset" 340
"../../../Engine/Content/MobileResources/HUD/MobileHUDButton2_off.uasset" 341
"../../../Engine/Content/MobileResources/HUD/MobileHUDDirectionPad3.uasset" 342
"../../../Engine/Content/MobileResources/HUD/MobileHUDButton1_off.uasset" 343
"../../../Engine/Content/MobileResources/HUD/MobileHUDButtonFire.uasset" 344
"../../../Engine/Content/MobileResources/T_MobileControls_texture.uasset" 345
"../../../Engine/Content/MobileResources/HUD/AnalogHat.uasset" 346
"../../../Engine/Content/MobileResources/HUD/VirtualJoystick_Background.uasset" 347
"../../../Engine/Content/MobileResources/HUD/VirtualJoystick_Thumb.uasset" 348
"../../../Engine/Content/MobileResources/HUD/DefaultVirtualJoysticks.uasset" 349
"../../../Engine/Content/MobileResources/HUD/LeftVirtualJoystickOnly.uasset" 350
"../../../Engine/Content/MobileResources/HUD/MobileHUDButton2_on.uasset" 351
"../../../Engine/Content/MobileResources/HUD/MobileHUDDirectionPad.uasset" 352
"../../../Engine/Content/MobileResources/HUD/MobileHUDDirectionStick.uasset" 353
"../../../Engine/Content/MobileResources/HUD/T_Castle_ThumbstickOutter.uasset" 354
