"C:/Users/Gor/Documents/Unreal Projects/Mygame/Mygame.uproject" 1
"../../../Engine/Plugins/2D/Paper2D/Paper2D.uplugin" 2
"../../../Engine/Plugins/Blendables/LightPropagationVolume/LightPropagationVolume.uplugin" 3
"../../../Engine/Plugins/Developer/BlankPlugin/BlankPlugin.uplugin" 4
"../../../Engine/Plugins/Developer/CodeLiteSourceCodeAccess/CodeLiteSourceCodeAccess.uplugin" 5
"../../../Engine/Plugins/Developer/GitSourceControl/GitSourceControl.uplugin" 6
"../../../Engine/Plugins/Developer/KDevelopSourceCodeAccess/KDevelopSourceCodeAccess.uplugin" 7
"../../../Engine/Plugins/Developer/NullSourceCodeAccess/NullSourceCodeAccess.uplugin" 8
"../../../Engine/Plugins/Developer/OneSkyLocalizationService/OneSkyLocalizationService.uplugin" 9
"../../../Engine/Plugins/Developer/PerforceSourceControl/PerforceSourceControl.uplugin" 10
"../../../Engine/Plugins/Developer/SubversionSourceControl/SubversionSourceControl.uplugin" 11
"../../../Engine/Plugins/Developer/UObjectPlugin/UObjectPlugin.uplugin" 12
"../../../Engine/Plugins/Developer/VisualStudioSourceCodeAccess/VisualStudioSourceCodeAccess.uplugin" 13
"../../../Engine/Plugins/Developer/XCodeSourceCodeAccess/XCodeSourceCodeAccess.uplugin" 14
"../../../Engine/Plugins/Editor/EpicSurvey/EpicSurvey.uplugin" 15
"../../../Engine/Plugins/Editor/MacGraphicsSwitching/MacGraphicsSwitching.uplugin" 16
"../../../Engine/Plugins/Editor/PluginBrowser/PluginBrowser.uplugin" 17
"../../../Engine/Plugins/Editor/SpeedTreeImporter/SpeedTreeImporter.uplugin" 18
"../../../Engine/Plugins/Experimental/BlueprintStats/BlueprintStats.uplugin" 19
"../../../Engine/Plugins/Experimental/CharacterAI/CharacterAI.uplugin" 20
"../../../Engine/Plugins/Experimental/CodeEditor/CodeEditor.uplugin" 21
"../../../Engine/Plugins/Experimental/CodeView/CodeView.uplugin" 22
"../../../Engine/Plugins/Experimental/HTML5Networking/HTML5Networking.uplugin" 23
"../../../Engine/Plugins/Experimental/LiveEditor/LiveEditor.uplugin" 24
"../../../Engine/Plugins/Experimental/Phya/Phya.uplugin" 25
"../../../Engine/Plugins/Experimental/SimpleHMD/SimpleHMD.uplugin" 26
"../../../Engine/Plugins/Experimental/StructBox/StructBox.uplugin" 27
"../../../Engine/Plugins/Media/AndroidMedia/AndroidMedia.uplugin" 28
"../../../Engine/Plugins/Media/AvfMedia/AvfMedia.uplugin" 29
"../../../Engine/Plugins/Media/MediaPlayerEditor/MediaPlayerEditor.uplugin" 30
"../../../Engine/Plugins/Media/WmfMedia/WmfMedia.uplugin" 31
"../../../Engine/Plugins/Messaging/MessagingDebugger/MessagingDebugger.uplugin" 32
"../../../Engine/Plugins/Messaging/UdpMessaging/UdpMessaging.uplugin" 33
"../../../Engine/Plugins/MovieScene/LevelSequenceEditor/LevelSequenceEditor.uplugin" 34
"../../../Engine/Plugins/NetcodeUnitTest/NetcodeUnitTest/NetcodeUnitTest.uplugin" 35
"../../../Engine/Plugins/NetcodeUnitTest/NUTUnrealEngine4/NUTUnrealEngine4.uplugin" 36
"../../../Engine/Plugins/Runtime/Advertising/IOSTapJoy/IOSTapJoy.uplugin" 37
"../../../Engine/Plugins/Runtime/Analytics/AnalyticsBlueprintLibrary/AnalyticsBlueprintLibrary.uplugin" 38
"../../../Engine/Plugins/Runtime/Analytics/AnalyticsMulticast/AnalyticsMulticast.uplugin" 39
"../../../Engine/Plugins/Runtime/Analytics/Apsalar/IOSApsalar/IOSApsalar.uplugin" 40
"../../../Engine/Plugins/Runtime/Analytics/FileLogging/FileLogging.uplugin" 41
"../../../Engine/Plugins/Runtime/Analytics/Flurry/IOSFlurry/IOSFlurry.uplugin" 42
"../../../Engine/Plugins/Runtime/AndroidDeviceProfileSelector/AndroidDeviceProfileSelector.uplugin" 43
"../../../Engine/Plugins/Runtime/AndroidMoviePlayer/AndroidMoviePlayer.uplugin" 44
"../../../Engine/Plugins/Runtime/AppleMoviePlayer/AppleMoviePlayer.uplugin" 45
"../../../Engine/Plugins/Runtime/ArchVisCharacter/ArchVisCharacter.uplugin" 46
"../../../Engine/Plugins/Runtime/CableComponent/CableComponent.uplugin" 47
"../../../Engine/Plugins/Runtime/CustomMeshComponent/CustomMeshComponent.uplugin" 48
"../../../Engine/Plugins/Runtime/ExampleDeviceProfileSelector/ExampleDeviceProfileSelector.uplugin" 49
"../../../Engine/Plugins/Runtime/GearVR/GearVR.uplugin" 50
"../../../Engine/Plugins/Runtime/IOSDeviceProfileSelector/IOSDeviceProfileSelector.uplugin" 51
"../../../Engine/Plugins/Runtime/LeapMotionController/LeapMotionController.uplugin" 52
"../../../Engine/Plugins/Runtime/LinuxDeviceProfileSelector/LinuxDeviceProfileSelector.uplugin" 53
"../../../Engine/Plugins/Runtime/LiveEditorListenServer/LiveEditorListenServer.uplugin" 54
"../../../Engine/Plugins/Runtime/OculusAudio/OculusAudio.uplugin" 55
"../../../Engine/Plugins/Runtime/OculusInput/OculusInput.uplugin" 56
"../../../Engine/Plugins/Runtime/OculusLibrary/OculusLibrary.uplugin" 57
"../../../Engine/Plugins/Runtime/OculusRift/OculusRift.uplugin" 58
"../../../Engine/Plugins/Runtime/ProceduralMeshComponent/ProceduralMeshComponent.uplugin" 59
"../../../Engine/Plugins/Runtime/SoundMod/SoundMod.uplugin" 60
"../../../Engine/Plugins/Runtime/SoundVisualizations/SoundVisualizations.uplugin" 61
"../../../Engine/Plugins/Runtime/Steam/SteamController/SteamController.uplugin" 62
"../../../Engine/Plugins/Runtime/Steam/SteamVR/SteamVR.uplugin" 63
"../../../Engine/Plugins/Runtime/WebBrowserWidget/WebBrowserWidget.uplugin" 64
"../../../Engine/Plugins/Runtime/WindowsDeviceProfileSelector/WindowsDeviceProfileSelector.uplugin" 65
"../../../Engine/Plugins/Runtime/WindowsMoviePlayer/WindowsMoviePlayer.uplugin" 66
"../../../Engine/Plugins/ScriptGeneratorPlugin/ScriptGeneratorPlugin.uplugin" 67
"../../../Engine/Plugins/ScriptPlugin/ScriptPlugin.uplugin" 68
"../../../Engine/Plugins/Slate/SlateRemote/SlateRemote.uplugin" 69
"..\..\..\Engine\Content\Internationalization\icudt53l\cnvalias.icu" 70
"..\..\..\Engine\Content\Internationalization\icudt53l\en_US_POSIX.res" 71
"..\..\..\Engine\Content\Internationalization\icudt53l\pool.res" 72
"..\..\..\Engine\Content\Internationalization\icudt53l\en_US.res" 73
"..\..\..\Engine\Content\Internationalization\icudt53l\en.res" 74
"..\..\..\Engine\Content\Internationalization\icudt53l\root.res" 75
"..\..\..\Engine\Content\Internationalization\icudt53l\ru_RU.res" 76
"..\..\..\Engine\Content\Internationalization\icudt53l\ru.res" 77
"C:/Users/Gor/AppData/Local/UnrealEngine/4.10/Saved/Config/Windows/Manifest.ini" 78
"../../../Engine/Config/Base.ini" 79
"../../../Engine/Config/BaseEngine.ini" 80
"C:/Users/Gor/Documents/Unreal Projects/Mygame/Config/DefaultEngine.ini" 81
"../../../Engine/Config/Windows/WindowsEngine.ini" 82
"C:/Users/Gor/Documents/Unreal Projects/Mygame/Saved/Config/Windows/Engine.ini" 83
"../../../../../../Users/Gor/Documents/Unreal Projects/Mygame/Intermediate/Config/CoalescedSourceConfigs/Engine.ini" 84
"../../../Engine/Config/BaseGame.ini" 85
"C:/Users/Gor/Documents/Unreal Projects/Mygame/Config/DefaultGame.ini" 86
"C:/Users/Gor/Documents/Unreal Projects/Mygame/Saved/Config/Windows/Game.ini" 87
"../../../../../../Users/Gor/Documents/Unreal Projects/Mygame/Intermediate/Config/CoalescedSourceConfigs/Game.ini" 88
"../../../Engine/Config/BaseInput.ini" 89
"C:/Users/Gor/Documents/Unreal Projects/Mygame/Config/DefaultInput.ini" 90
"C:/Users/Gor/Documents/Unreal Projects/Mygame/Saved/Config/Windows/Input.ini" 91
"../../../../../../Users/Gor/Documents/Unreal Projects/Mygame/Intermediate/Config/CoalescedSourceConfigs/Input.ini" 92
"../../../Engine/Config/BaseEditor.ini" 93
"C:/Users/Gor/Documents/Unreal Projects/Mygame/Config/DefaultEditor.ini" 94
"C:/Users/Gor/Documents/Unreal Projects/Mygame/Saved/Config/Windows/Editor.ini" 95
"../../../../../../Users/Gor/Documents/Unreal Projects/Mygame/Intermediate/Config/CoalescedSourceConfigs/Editor.ini" 96
"../../../Engine/Config/BaseEditorPerProjectUserSettings.ini" 97
"C:/Users/Gor/Documents/Unreal Projects/Mygame/Saved/Config/Windows/EditorPerProjectUserSettings.ini" 98
"../../../../../../Users/Gor/Documents/Unreal Projects/Mygame/Intermediate/Config/CoalescedSourceConfigs/EditorPerProjectUserSettings.ini" 99
"../../../Engine/Config/BaseEditorSettings.ini" 100
"C:/Users/Gor/AppData/Local/UnrealEngine/4.10/Saved/Config/Windows/EditorSettings.ini" 101
"../../../../../../Users/Gor/Documents/Unreal Projects/Mygame/Intermediate/Config/CoalescedSourceConfigs/EditorSettings.ini" 102
"../../../Engine/Config/BaseEditorLayout.ini" 103
"C:/Users/Gor/AppData/Local/UnrealEngine/4.10/Saved/Config/Windows/EditorLayout.ini" 104
"../../../../../../Users/Gor/Documents/Unreal Projects/Mygame/Intermediate/Config/CoalescedSourceConfigs/EditorLayout.ini" 105
"../../../Engine/Config/BaseEditorKeyBindings.ini" 106
"C:/Users/Gor/AppData/Local/UnrealEngine/4.10/Saved/Config/Windows/EditorKeyBindings.ini" 107
"../../../../../../Users/Gor/Documents/Unreal Projects/Mygame/Intermediate/Config/CoalescedSourceConfigs/EditorKeyBindings.ini" 108
"../../../Engine/Config/BaseCompat.ini" 109
"C:/Users/Gor/Documents/Unreal Projects/Mygame/Saved/Config/Windows/Compat.ini" 110
"../../../../../../Users/Gor/Documents/Unreal Projects/Mygame/Intermediate/Config/CoalescedSourceConfigs/Compat.ini" 111
"../../../Engine/Config/BaseLightmass.ini" 112
"C:/Users/Gor/Documents/Unreal Projects/Mygame/Saved/Config/Windows/Lightmass.ini" 113
"../../../../../../Users/Gor/Documents/Unreal Projects/Mygame/Intermediate/Config/CoalescedSourceConfigs/Lightmass.ini" 114
"../../../Engine/Config/BaseScalability.ini" 115
"C:/Users/Gor/Documents/Unreal Projects/Mygame/Saved/Config/Windows/Scalability.ini" 116
"../../../../../../Users/Gor/Documents/Unreal Projects/Mygame/Intermediate/Config/CoalescedSourceConfigs/Scalability.ini" 117
"C:/Users/Gor/Documents/Unreal Projects/Mygame/Saved/Config/Windows/GameUserSettings.ini" 118
"../../../../../../Users/Gor/Documents/Unreal Projects/Mygame/Intermediate/Config/CoalescedSourceConfigs/GameUserSettings.ini" 119
"../../../Engine/Config/BaseDeviceProfiles.ini" 120
"C:/Users/Gor/Documents/Unreal Projects/Mygame/Config/DefaultDeviceProfiles.ini" 121
"C:/Users/Gor/Documents/Unreal Projects/Mygame/Saved/Config/Windows/DeviceProfiles.ini" 122
"../../../../../../Users/Gor/Documents/Unreal Projects/Mygame/Intermediate/Config/CoalescedSourceConfigs/DeviceProfiles.ini" 123
"../../../Engine/Config/ConsoleVariables.ini" 124
"..\..\..\Engine\Content\Internationalization\icudt53l\es.res" 125
"..\..\..\Engine\Content\Internationalization\icudt53l\ja.res" 126
"..\..\..\Engine\Content\Internationalization\icudt53l\ko.res" 127
"..\..\..\Engine\Content\Internationalization\icudt53l\pt_BR.res" 128
"..\..\..\Engine\Content\Internationalization\icudt53l\pt.res" 129
"..\..\..\Engine\Content\Internationalization\icudt53l\zh_CN.res" 130
"..\..\..\Engine\Content\Internationalization\icudt53l\zh_Hans_CN.res" 131
"..\..\..\Engine\Content\Internationalization\icudt53l\zh_Hans.res" 132
"..\..\..\Engine\Content\Internationalization\icudt53l\zh.res" 133
"C:/Program Files (x86)/Epic Games/4.10/Engine/Content/Localization/Engine/en/Engine.locres" 134
"C:/Program Files (x86)/Epic Games/4.10/Engine/Content/Localization/Editor/en/Editor.locres" 135
"C:/Program Files (x86)/Epic Games/4.10/Engine/Content/Localization/EditorTutorials/en/EditorTutorials.locres" 136
"C:/Program Files (x86)/Epic Games/4.10/Engine/Content/Localization/Keywords/en/Keywords.locres" 137
"C:/Program Files (x86)/Epic Games/4.10/Engine/Content/Localization/Category/en/Category.locres" 138
"C:/Program Files (x86)/Epic Games/4.10/Engine/Content/Localization/ToolTips/en/ToolTips.locres" 139
"C:/Program Files (x86)/Epic Games/4.10/Engine/Content/Localization/PropertyNames/en/PropertyNames.locres" 140
"../../../Engine/Content/Slate/Fonts/Roboto-Regular.ttf" 141
"../../../Engine/Content/Slate/Fonts/DroidSansMono.ttf" 142
"../../../Engine/Content/Slate/Fonts/Roboto-Bold.ttf" 143
"../../../Engine/Content/Slate/Fonts/Roboto-Light.ttf" 144
"C:/Program Files (x86)/Epic Games/4.10/Engine/Binaries/Win64/../../../Engine/Shaders/ParticleSpriteVertexFactory.usf" 145
"C:/Program Files (x86)/Epic Games/4.10/Engine/Binaries/Win64/../../../Engine/Shaders/VertexFactoryCommon.usf" 146
"C:/Program Files (x86)/Epic Games/4.10/Engine/Binaries/Win64/../../../Engine/Shaders/Common.usf" 147
"C:/Program Files (x86)/Epic Games/4.10/Engine/Binaries/Win64/../../../Engine/Shaders/MetalCommon.usf" 148
"C:/Program Files (x86)/Epic Games/4.10/Engine/Binaries/Win64/../../../Engine/Shaders/ShaderVersion.usf" 149
"C:/Program Files (x86)/Epic Games/4.10/Engine/Binaries/Win64/../../../Engine/Shaders/CommonViewUniformBuffer.usf" 150
"C:/Program Files (x86)/Epic Games/4.10/Engine/Binaries/Win64/../../../Engine/Shaders/Definitions.usf" 151
"C:/Program Files (x86)/Epic Games/4.10/Engine/Binaries/Win64/../../../Engine/Shaders/Random.usf" 152
"C:/Program Files (x86)/Epic Games/4.10/Engine/Binaries/Win64/../../../Engine/Shaders/ParticleVertexFactoryCommon.usf" 153
"C:/Program Files (x86)/Epic Games/4.10/Engine/Binaries/Win64/../../../Engine/Shaders/ParticleGPUSpriteVertexFactory.usf" 154
"C:/Program Files (x86)/Epic Games/4.10/Engine/Binaries/Win64/../../../Engine/Shaders/ParticleBeamTrailVertexFactory.usf" 155
"C:/Program Files (x86)/Epic Games/4.10/Engine/Binaries/Win64/../../../Engine/Shaders/LocalVertexFactory.usf" 156
"C:/Program Files (x86)/Epic Games/4.10/Engine/Binaries/Win64/../../../Engine/Shaders/LocalVertexFactoryCommon.usf" 157
"C:/Program Files (x86)/Epic Games/4.10/Engine/Binaries/Win64/../../../Engine/Shaders/VectorFieldVisualizationVertexFactory.usf" 158
"C:/Program Files (x86)/Epic Games/4.10/Engine/Binaries/Win64/../../../Engine/Shaders/MeshParticleVertexFactory.usf" 159
"C:/Program Files (x86)/Epic Games/4.10/Engine/Binaries/Win64/../../../Engine/Shaders/GpuSkinVertexFactory.usf" 160
"C:/Program Files (x86)/Epic Games/4.10/Engine/Binaries/Win64/../../../Engine/Shaders/GpuSkinCacheCommon.usf" 161
"C:/Program Files (x86)/Epic Games/4.10/Engine/Binaries/Win64/../../../Engine/Shaders/LandscapeVertexFactory.usf" 162
"C:/Program Files (x86)/Epic Games/4.10/Engine/Binaries/Win64/../../../Engine/Shaders/SlateElementPixelShader.usf" 163
"C:/Program Files (x86)/Epic Games/4.10/Engine/Binaries/Win64/../../../Engine/Shaders/GammaCorrectionCommon.usf" 164
"C:/Program Files (x86)/Epic Games/4.10/Engine/Binaries/Win64/../../../Engine/Shaders/MaterialTemplate.usf" 165
"C:/Program Files (x86)/Epic Games/4.10/Engine/Binaries/Win64/../../../Engine/Shaders/DepthOfFieldCommon.usf" 166
"C:/Program Files (x86)/Epic Games/4.10/Engine/Binaries/Win64/../../../Engine/Shaders/GlobalDistanceFieldShared.usf" 167
"C:/Program Files (x86)/Epic Games/4.10/Engine/Binaries/Win64/../../../Engine/Shaders/SpeedTreeCommon.usf" 168
"C:/Program Files (x86)/Epic Games/4.10/Engine/Binaries/Win64/../../../Engine/Shaders/AtmosphereCommon.usf" 169
"C:/Program Files (x86)/Epic Games/4.10/Engine/Binaries/Win64/../../../Engine/Shaders/PaniniProjection.usf" 170
"C:/Program Files (x86)/Epic Games/4.10/Engine/Binaries/Win64/../../../Engine/Shaders/EyeAdaptationCommon.usf" 171
"C:/Program Files (x86)/Epic Games/4.10/Engine/Binaries/Win64/../../../Engine/Shaders/PostProcessCommon.usf" 172
"C:/Program Files (x86)/Epic Games/4.10/Engine/Binaries/Win64/../../../Engine/Shaders/DeferredShadingCommon.usf" 173
"C:/Program Files (x86)/Epic Games/4.10/Engine/Binaries/Win64/../../../Engine/Shaders/LightAccumulator.usf" 174
"C:/Program Files (x86)/Epic Games/4.10/Engine/Binaries/Win64/../../../Engine/Shaders/SlateVertexShader.usf" 175
"C:/Program Files (x86)/Epic Games/4.10/Engine/Binaries/Win64/../../../Engine/Shaders/ParticleSortKeyGen.usf" 176
"C:/Program Files (x86)/Epic Games/4.10/Engine/Binaries/Win64/../../../Engine/Shaders/ParticleBoundsShader.usf" 177
"C:/Program Files (x86)/Epic Games/4.10/Engine/Binaries/Win64/../../../Engine/Shaders/ParticleSimVisualizeShader.usf" 178
"C:/Program Files (x86)/Epic Games/4.10/Engine/Binaries/Win64/../../../Engine/Shaders/ParticleInjectionShader.usf" 179
"C:/Program Files (x86)/Epic Games/4.10/Engine/Binaries/Win64/../../../Engine/Shaders/ParticleSimulationShader.usf" 180
"C:/Program Files (x86)/Epic Games/4.10/Engine/Binaries/Win64/../../../Engine/Shaders/ParticleCurveInjectionShader.usf" 181
"C:/Program Files (x86)/Epic Games/4.10/Engine/Binaries/Win64/../../../Engine/Shaders/VectorFieldCompositeShaders.usf" 182
"C:/Program Files (x86)/Epic Games/4.10/Engine/Binaries/Win64/../../../Engine/Shaders/UpdateTextureShaders.usf" 183
"C:/Program Files (x86)/Epic Games/4.10/Engine/Binaries/Win64/../../../Engine/Shaders/SimpleElementColorChannelMaskPixelShader.usf" 184
"C:/Program Files (x86)/Epic Games/4.10/Engine/Binaries/Win64/../../../Engine/Shaders/SimpleElementPixelShader.usf" 185
"C:/Program Files (x86)/Epic Games/4.10/Engine/Binaries/Win64/../../../Engine/Shaders/ColorUtils.usf" 186
"C:/Program Files (x86)/Epic Games/4.10/Engine/Binaries/Win64/../../../Engine/Shaders/IESLightProfilesCommon.usf" 187
"C:/Program Files (x86)/Epic Games/4.10/Engine/Binaries/Win64/../../../Engine/Shaders/SimpleElementHitProxyPixelShader.usf" 188
"C:/Program Files (x86)/Epic Games/4.10/Engine/Binaries/Win64/../../../Engine/Shaders/SimpleElementVertexShader.usf" 189
"C:/Program Files (x86)/Epic Games/4.10/Engine/Binaries/Win64/../../../Engine/Shaders/ScreenVertexShader.usf" 190
"C:/Program Files (x86)/Epic Games/4.10/Engine/Binaries/Win64/../../../Engine/Shaders/ScreenPixelShader.usf" 191
"C:/Program Files (x86)/Epic Games/4.10/Engine/Binaries/Win64/../../../Engine/Shaders/RadixSortShaders.usf" 192
"C:/Program Files (x86)/Epic Games/4.10/Engine/Binaries/Win64/../../../Engine/Shaders/GpuSkinCacheComputeShader.usf" 193
"C:/Program Files (x86)/Epic Games/4.10/Engine/Binaries/Win64/../../../Engine/Shaders/NullPixelShader.usf" 194
"C:/Program Files (x86)/Epic Games/4.10/Engine/Binaries/Win64/../../../Engine/Shaders/LandscapeGrassWeight.usf" 195
"C:/Program Files (x86)/Epic Games/4.10/Engine/Binaries/Win64/../../../Engine/Shaders/VisualizeTexture.usf" 196
"C:/Program Files (x86)/Epic Games/4.10/Engine/Binaries/Win64/../../../Engine/Shaders/ScreenSpaceReflections.usf" 197
"C:/Program Files (x86)/Epic Games/4.10/Engine/Binaries/Win64/../../../Engine/Shaders/BRDF.usf" 198
"C:/Program Files (x86)/Epic Games/4.10/Engine/Binaries/Win64/../../../Engine/Shaders/MonteCarlo.usf" 199
"C:/Program Files (x86)/Epic Games/4.10/Engine/Binaries/Win64/../../../Engine/Shaders/ScreenSpaceRayCast.usf" 200
"C:/Program Files (x86)/Epic Games/4.10/Engine/Binaries/Win64/../../../Engine/Shaders/FilterVertexShader.usf" 201
"C:/Program Files (x86)/Epic Games/4.10/Engine/Binaries/Win64/../../../Engine/Shaders/FilterPixelShader.usf" 202
"C:/Program Files (x86)/Epic Games/4.10/Engine/Binaries/Win64/../../../Engine/Shaders/PostProcessVisualizeHDR.usf" 203
"C:/Program Files (x86)/Epic Games/4.10/Engine/Binaries/Win64/../../../Engine/Shaders/PostProcessHistogramCommon.usf" 204
"C:/Program Files (x86)/Epic Games/4.10/Engine/Binaries/Win64/../../../Engine/Shaders/TonemapCommon.usf" 205
"C:/Program Files (x86)/Epic Games/4.10/Engine/Binaries/Win64/../../../Engine/Shaders/ACES.usf" 206
"C:/Program Files (x86)/Epic Games/4.10/Engine/Binaries/Win64/../../../Engine/Shaders/MiniFontCommon.usf" 207
"C:/Program Files (x86)/Epic Games/4.10/Engine/Binaries/Win64/../../../Engine/Shaders/PostProcessVisualizeBuffer.usf" 208
"C:/Program Files (x86)/Epic Games/4.10/Engine/Binaries/Win64/../../../Engine/Shaders/PostProcessUpscale.usf" 209
"C:/Program Files (x86)/Epic Games/4.10/Engine/Binaries/Win64/../../../Engine/Shaders/PostProcessTonemap.usf" 210
"C:/Program Files (x86)/Epic Games/4.10/Engine/Binaries/Win64/../../../Engine/Shaders/PostProcessTestImage.usf" 211
"C:/Program Files (x86)/Epic Games/4.10/Engine/Binaries/Win64/../../../Engine/Shaders/PostProcessTemporalAA.usf" 212
"C:/Program Files (x86)/Epic Games/4.10/Engine/Binaries/Win64/../../../Engine/Shaders/PostProcessTemporalCommon.usf" 213
"C:/Program Files (x86)/Epic Games/4.10/Engine/Binaries/Win64/../../../Engine/Shaders/PostProcessSubsurface.usf" 214
"C:/Program Files (x86)/Epic Games/4.10/Engine/Binaries/Win64/../../../Engine/Shaders/SeparableSSS.usf" 215
"C:/Program Files (x86)/Epic Games/4.10/Engine/Binaries/Win64/../../../Engine/Shaders/PostProcessSelectionOutline.usf" 216
"C:/Program Files (x86)/Epic Games/4.10/Engine/Binaries/Win64/../../../Engine/Shaders/PostProcessSceneColorFringe.usf" 217
"C:/Program Files (x86)/Epic Games/4.10/Engine/Binaries/Win64/../../../Engine/Shaders/PostProcessNoiseBlur.usf" 218
"C:/Program Files (x86)/Epic Games/4.10/Engine/Binaries/Win64/../../../Engine/Shaders/PostProcessMotionBlur.usf" 219
"C:/Program Files (x86)/Epic Games/4.10/Engine/Binaries/Win64/../../../Engine/Shaders/FastMath.usf" 220
"C:/Program Files (x86)/Epic Games/4.10/Engine/Binaries/Win64/../../../Engine/Shaders/PostProcessVelocityFlatten.usf" 221
"C:/Program Files (x86)/Epic Games/4.10/Engine/Binaries/Win64/../../../Engine/Shaders/PostProcessMobile.usf" 222
"C:/Program Files (x86)/Epic Games/4.10/Engine/Binaries/Win64/../../../Engine/Shaders/PostProcessMaterialShaders.usf" 223
"C:/Program Files (x86)/Epic Games/4.10/Engine/Binaries/Win64/../../../Engine/Shaders/PostProcessLensFlares.usf" 224
"C:/Program Files (x86)/Epic Games/4.10/Engine/Binaries/Win64/../../../Engine/Shaders/PostProcessLensBlur.usf" 225
"C:/Program Files (x86)/Epic Games/4.10/Engine/Binaries/Win64/../../../Engine/Shaders/PostProcessBloom.usf" 226
"C:/Program Files (x86)/Epic Games/4.10/Engine/Binaries/Win64/../../../Engine/Shaders/PostProcessHMD.usf" 227
"C:/Program Files (x86)/Epic Games/4.10/Engine/Binaries/Win64/../../../Engine/Shaders/PostProcessHistogramReduce.usf" 228
"C:/Program Files (x86)/Epic Games/4.10/Engine/Binaries/Win64/../../../Engine/Shaders/PostProcessHistogram.usf" 229
"C:/Program Files (x86)/Epic Games/4.10/Engine/Binaries/Win64/../../../Engine/Shaders/PostProcessHierarchical.usf" 230
"C:/Program Files (x86)/Epic Games/4.10/Engine/Binaries/Win64/../../../Engine/Shaders/PostProcessGBufferHints.usf" 231
"C:/Program Files (x86)/Epic Games/4.10/Engine/Binaries/Win64/../../../Engine/Shaders/PostProcessEyeAdaptation.usf" 232
"C:/Program Files (x86)/Epic Games/4.10/Engine/Binaries/Win64/../../../Engine/Shaders/PostProcessDownsample.usf" 233
"C:/Program Files (x86)/Epic Games/4.10/Engine/Binaries/Win64/../../../Engine/Shaders/PostProcessDOF.usf" 234
"C:/Program Files (x86)/Epic Games/4.10/Engine/Binaries/Win64/../../../Engine/Shaders/PostProcessCompositeEditorPrimitives.usf" 235
"C:/Program Files (x86)/Epic Games/4.10/Engine/Binaries/Win64/../../../Engine/Shaders/PostProcessCombineLUTs.usf" 236
"C:/Program Files (x86)/Epic Games/4.10/Engine/Binaries/Win64/../../../Engine/Shaders/PostProcessCircleDOF.usf" 237
"C:/Program Files (x86)/Epic Games/4.10/Engine/Binaries/Win64/../../../Engine/Shaders/CircleDOFCommon.usf" 238
"C:/Program Files (x86)/Epic Games/4.10/Engine/Binaries/Win64/../../../Engine/Shaders/PostProcessBusyWait.usf" 239
"C:/Program Files (x86)/Epic Games/4.10/Engine/Binaries/Win64/../../../Engine/Shaders/PostProcessBokehDOF.usf" 240
"C:/Program Files (x86)/Epic Games/4.10/Engine/Binaries/Win64/../../../Engine/Shaders/PostProcessVisualizeDOF.usf" 241
"C:/Program Files (x86)/Epic Games/4.10/Engine/Binaries/Win64/../../../Engine/Shaders/FXAAShader.usf" 242
"C:/Program Files (x86)/Epic Games/4.10/Engine/Binaries/Win64/../../../Engine/Shaders/Fxaa3_11.usf" 243
"C:/Program Files (x86)/Epic Games/4.10/Engine/Binaries/Win64/../../../Engine/Shaders/PostProcessPassThrough.usf" 244
"C:/Program Files (x86)/Epic Games/4.10/Engine/Binaries/Win64/../../../Engine/Shaders/PostProcessLpvIndirect.usf" 245
"C:/Program Files (x86)/Epic Games/4.10/Engine/Binaries/Win64/../../../Engine/Shaders/DeferredLightingCommon.usf" 246
"C:/Program Files (x86)/Epic Games/4.10/Engine/Binaries/Win64/../../../Engine/Shaders/DynamicLightingCommon.usf" 247
"C:/Program Files (x86)/Epic Games/4.10/Engine/Binaries/Win64/../../../Engine/Shaders/ShadingModels.usf" 248
"C:/Program Files (x86)/Epic Games/4.10/Engine/Binaries/Win64/../../../Engine/Shaders/LPVFinalPass.usf" 249
"C:/Program Files (x86)/Epic Games/4.10/Engine/Binaries/Win64/../../../Engine/Shaders/LPVCommon.usf" 250
"C:/Program Files (x86)/Epic Games/4.10/Engine/Binaries/Win64/../../../Engine/Shaders/DeferredDecal.usf" 251
"C:/Program Files (x86)/Epic Games/4.10/Engine/Binaries/Win64/../../../Engine/Shaders/PostProcessAmbientOcclusion.usf" 252
"C:/Program Files (x86)/Epic Games/4.10/Engine/Binaries/Win64/../../../Engine/Shaders/PostProcessAmbient.usf" 253
"C:/Program Files (x86)/Epic Games/4.10/Engine/Binaries/Win64/../../../Engine/Shaders/CubemapCommon.usf" 254
"C:/Program Files (x86)/Epic Games/4.10/Engine/Binaries/Win64/../../../Engine/Shaders/VelocityShader.usf" 255
"C:/Program Files (x86)/Epic Games/4.10/Engine/Binaries/Win64/../../../Engine/Shaders/VelocityCommon.usf" 256
"C:/Program Files (x86)/Epic Games/4.10/Engine/Binaries/Win64/../../../Engine/Shaders/Tessellation.usf" 257
"C:/Program Files (x86)/Epic Games/4.10/Engine/Binaries/Win64/../../../Engine/Shaders/FlatTessellation.usf" 258
"C:/Program Files (x86)/Epic Games/4.10/Engine/Binaries/Win64/../../../Engine/Shaders/PNTriangles.usf" 259
"C:/Program Files (x86)/Epic Games/4.10/Engine/Binaries/Win64/../../../Engine/Shaders/TranslucentLightingShaders.usf" 260
"C:/Program Files (x86)/Epic Games/4.10/Engine/Binaries/Win64/../../../Engine/Shaders/SHCommon.usf" 261
"C:/Program Files (x86)/Epic Games/4.10/Engine/Binaries/Win64/../../../Engine/Shaders/ShadowProjectionCommon.usf" 262
"C:/Program Files (x86)/Epic Games/4.10/Engine/Binaries/Win64/../../../Engine/Shaders/TranslucentLightInjectionShaders.usf" 263
"C:/Program Files (x86)/Epic Games/4.10/Engine/Binaries/Win64/../../../Engine/Shaders/LightFunctionCommon.usf" 264
"C:/Program Files (x86)/Epic Games/4.10/Engine/Binaries/Win64/../../../Engine/Shaders/TranslucentShadowDepthShaders.usf" 265
"C:/Program Files (x86)/Epic Games/4.10/Engine/Binaries/Win64/../../../Engine/Shaders/ShadowDepthCommon.usf" 266
"C:/Program Files (x86)/Epic Games/4.10/Engine/Binaries/Win64/../../../Engine/Shaders/TiledDeferredLightShaders.usf" 267
"C:/Program Files (x86)/Epic Games/4.10/Engine/Binaries/Win64/../../../Engine/Shaders/SurfelTree.usf" 268
"C:/Program Files (x86)/Epic Games/4.10/Engine/Binaries/Win64/../../../Engine/Shaders/DistanceFieldLightingShared.usf" 269
"C:/Program Files (x86)/Epic Games/4.10/Engine/Binaries/Win64/../../../Engine/Shaders/SurfelMaterialShared.usf" 270
"C:/Program Files (x86)/Epic Games/4.10/Engine/Binaries/Win64/../../../Engine/Shaders/DistanceFieldAOShared.usf" 271
"C:/Program Files (x86)/Epic Games/4.10/Engine/Binaries/Win64/../../../Engine/Shaders/ShadowProjectionPixelShader.usf" 272
"C:/Program Files (x86)/Epic Games/4.10/Engine/Binaries/Win64/../../../Engine/Shaders/ShadowFilteringCommon.usf" 273
"C:/Program Files (x86)/Epic Games/4.10/Engine/Binaries/Win64/../../../Engine/Shaders/ShadowProjectionVertexShader.usf" 274
"C:/Program Files (x86)/Epic Games/4.10/Engine/Binaries/Win64/../../../Engine/Shaders/ShadowDepthPixelShader.usf" 275
"C:/Program Files (x86)/Epic Games/4.10/Engine/Binaries/Win64/../../../Engine/Shaders/LPVWriteVplCommon.usf" 276
"C:/Program Files (x86)/Epic Games/4.10/Engine/Binaries/Win64/../../../Engine/Shaders/LPVWriteCommon.usf" 277
"C:/Program Files (x86)/Epic Games/4.10/Engine/Binaries/Win64/../../../Engine/Shaders/ShadowDepthVertexShader.usf" 278
"C:/Program Files (x86)/Epic Games/4.10/Engine/Binaries/Win64/../../../Engine/Shaders/ShaderComplexityApplyPixelShader.usf" 279
"C:/Program Files (x86)/Epic Games/4.10/Engine/Binaries/Win64/../../../Engine/Shaders/ShaderComplexityApplyVertexShader.usf" 280
"C:/Program Files (x86)/Epic Games/4.10/Engine/Binaries/Win64/../../../Engine/Shaders/ShaderComplexityAccumulatePixelShader.usf" 281
"C:/Program Files (x86)/Epic Games/4.10/Engine/Binaries/Win64/../../../Engine/Shaders/HZBOcclusion.usf" 282
"C:/Program Files (x86)/Epic Games/4.10/Engine/Binaries/Win64/../../../Engine/Shaders/OcclusionQueryVertexShader.usf" 283
"C:/Program Files (x86)/Epic Games/4.10/Engine/Binaries/Win64/../../../Engine/Shaders/HitProxyPixelShader.usf" 284
"C:/Program Files (x86)/Epic Games/4.10/Engine/Binaries/Win64/../../../Engine/Shaders/HitProxyVertexShader.usf" 285
"C:/Program Files (x86)/Epic Games/4.10/Engine/Binaries/Win64/../../../Engine/Shaders/ReflectionEnvironmentShaders.usf" 286
"C:/Program Files (x86)/Epic Games/4.10/Engine/Binaries/Win64/../../../Engine/Shaders/ReflectionEnvironmentShared.usf" 287
"C:/Program Files (x86)/Epic Games/4.10/Engine/Binaries/Win64/../../../Engine/Shaders/SkyLightingShared.usf" 288
"C:/Program Files (x86)/Epic Games/4.10/Engine/Binaries/Win64/../../../Engine/Shaders/ReflectionEnvironmentComputeShaders.usf" 289
"C:/Program Files (x86)/Epic Games/4.10/Engine/Binaries/Win64/../../../Engine/Shaders/LightShaftShader.usf" 290
"C:/Program Files (x86)/Epic Games/4.10/Engine/Binaries/Win64/../../../Engine/Shaders/StationaryLightOverlapShaders.usf" 291
"C:/Program Files (x86)/Epic Games/4.10/Engine/Binaries/Win64/../../../Engine/Shaders/DeferredLightPixelShaders.usf" 292
"C:/Program Files (x86)/Epic Games/4.10/Engine/Binaries/Win64/../../../Engine/Shaders/DeferredLightVertexShaders.usf" 293
"C:/Program Files (x86)/Epic Games/4.10/Engine/Binaries/Win64/../../../Engine/Shaders/LPVVisualise.usf" 294
"C:/Program Files (x86)/Epic Games/4.10/Engine/Binaries/Win64/../../../Engine/Shaders/LPVGeometryVolumeCommon.usf" 295
"C:/Program Files (x86)/Epic Games/4.10/Engine/Binaries/Win64/../../../Engine/Shaders/LPVDirectLightInject.usf" 296
"C:/Program Files (x86)/Epic Games/4.10/Engine/Binaries/Win64/../../../Engine/Shaders/LPVPropagate.usf" 297
"C:/Program Files (x86)/Epic Games/4.10/Engine/Binaries/Win64/../../../Engine/Shaders/LPVPacking.usf" 298
"C:/Program Files (x86)/Epic Games/4.10/Engine/Binaries/Win64/../../../Engine/Shaders/LPVBuildGeometryVolume.usf" 299
"C:/Program Files (x86)/Epic Games/4.10/Engine/Binaries/Win64/../../../Engine/Shaders/LpvDirectionalOcclusion.usf" 300
"C:/Program Files (x86)/Epic Games/4.10/Engine/Binaries/Win64/../../../Engine/Shaders/LPVInject_AccumulateVplLists.usf" 301
"C:/Program Files (x86)/Epic Games/4.10/Engine/Binaries/Win64/../../../Engine/Shaders/LPVInject_GenerateVplLists.usf" 302
"C:/Program Files (x86)/Epic Games/4.10/Engine/Binaries/Win64/../../../Engine/Shaders/LPVClearLists.usf" 303
"C:/Program Files (x86)/Epic Games/4.10/Engine/Binaries/Win64/../../../Engine/Shaders/LPVClear.usf" 304
"C:/Program Files (x86)/Epic Games/4.10/Engine/Binaries/Win64/../../../Engine/Shaders/LightMapDensityShader.usf" 305
"C:/Program Files (x86)/Epic Games/4.10/Engine/Binaries/Win64/../../../Engine/Shaders/LightFunctionPixelShader.usf" 306
"C:/Program Files (x86)/Epic Games/4.10/Engine/Binaries/Win64/../../../Engine/Shaders/LightFunctionVertexShader.usf" 307
"C:/Program Files (x86)/Epic Games/4.10/Engine/Binaries/Win64/../../../Engine/Shaders/HeightfieldLighting.usf" 308
"C:/Program Files (x86)/Epic Games/4.10/Engine/Binaries/Win64/../../../Engine/Shaders/DistanceFieldShadowingShared.usf" 309
"C:/Program Files (x86)/Epic Games/4.10/Engine/Binaries/Win64/../../../Engine/Shaders/HdrCustomResolveShaders.usf" 310
"C:/Program Files (x86)/Epic Games/4.10/Engine/Binaries/Win64/../../../Engine/Shaders/GPUBenchmark.usf" 311
"C:/Program Files (x86)/Epic Games/4.10/Engine/Binaries/Win64/../../../Engine/Shaders/GlobalDistanceField.usf" 312
"C:/Program Files (x86)/Epic Games/4.10/Engine/Binaries/Win64/../../../Engine/Shaders/GammaCorrection.usf" 313
"C:/Program Files (x86)/Epic Games/4.10/Engine/Binaries/Win64/../../../Engine/Shaders/BasePassForForwardShadingPixelShader.usf" 314
"C:/Program Files (x86)/Epic Games/4.10/Engine/Binaries/Win64/../../../Engine/Shaders/BasePassForForwardShadingCommon.usf" 315
"C:/Program Files (x86)/Epic Games/4.10/Engine/Binaries/Win64/../../../Engine/Shaders/LightmapCommon.usf" 316
"C:/Program Files (x86)/Epic Games/4.10/Engine/Binaries/Win64/../../../Engine/Shaders/BasePassForForwardShadingVertexShader.usf" 317
"C:/Program Files (x86)/Epic Games/4.10/Engine/Binaries/Win64/../../../Engine/Shaders/HeightFogCommon.usf" 318
"C:/Program Files (x86)/Epic Games/4.10/Engine/Binaries/Win64/../../../Engine/Shaders/HeightFogPixelShader.usf" 319
"C:/Program Files (x86)/Epic Games/4.10/Engine/Binaries/Win64/../../../Engine/Shaders/HeightFogVertexShader.usf" 320
"C:/Program Files (x86)/Epic Games/4.10/Engine/Binaries/Win64/../../../Engine/Shaders/DistortAccumulatePS.usf" 321
"C:/Program Files (x86)/Epic Games/4.10/Engine/Binaries/Win64/../../../Engine/Shaders/DistortAccumulateVS.usf" 322
"C:/Program Files (x86)/Epic Games/4.10/Engine/Binaries/Win64/../../../Engine/Shaders/DistortApplyScreenPS.usf" 323
"C:/Program Files (x86)/Epic Games/4.10/Engine/Binaries/Win64/../../../Engine/Shaders/DistanceFieldSurfaceCacheLighting.usf" 324
"C:/Program Files (x86)/Epic Games/4.10/Engine/Binaries/Win64/../../../Engine/Shaders/SkyLighting.usf" 325
"C:/Program Files (x86)/Epic Games/4.10/Engine/Binaries/Win64/../../../Engine/Shaders/DistanceFieldSurfaceCacheLightingCompute.usf" 326
"C:/Program Files (x86)/Epic Games/4.10/Engine/Binaries/Win64/../../../Engine/Shaders/DistanceFieldShadowing.usf" 327
"C:/Program Files (x86)/Epic Games/4.10/Engine/Binaries/Win64/../../../Engine/Shaders/DistanceFieldScreenGridLighting.usf" 328
"C:/Program Files (x86)/Epic Games/4.10/Engine/Binaries/Win64/../../../Engine/Shaders/DistanceFieldLightingPost.usf" 329
"C:/Program Files (x86)/Epic Games/4.10/Engine/Binaries/Win64/../../../Engine/Shaders/DistanceFieldGlobalIllumination.usf" 330
"C:/Program Files (x86)/Epic Games/4.10/Engine/Binaries/Win64/../../../Engine/Shaders/DepthOnlyPixelShader.usf" 331
"C:/Program Files (x86)/Epic Games/4.10/Engine/Binaries/Win64/../../../Engine/Shaders/DepthOnlyVertexShader.usf" 332
"C:/Program Files (x86)/Epic Games/4.10/Engine/Binaries/Win64/../../../Engine/Shaders/PositionOnlyDepthVertexShader.usf" 333
"C:/Program Files (x86)/Epic Games/4.10/Engine/Binaries/Win64/../../../Engine/Shaders/DownsampleDepthPixelShader.usf" 334
"C:/Program Files (x86)/Epic Games/4.10/Engine/Binaries/Win64/../../../Engine/Shaders/EvaluateSurfelMaterial.usf" 335
"C:/Program Files (x86)/Epic Games/4.10/Engine/Binaries/Win64/../../../Engine/Shaders/ConvertToUniformMesh.usf" 336
"C:/Program Files (x86)/Epic Games/4.10/Engine/Binaries/Win64/../../../Engine/Shaders/BasePassPixelShader.usf" 337
"C:/Program Files (x86)/Epic Games/4.10/Engine/Binaries/Win64/../../../Engine/Shaders/BasePassCommon.usf" 338
"C:/Program Files (x86)/Epic Games/4.10/Engine/Binaries/Win64/../../../Engine/Shaders/ForEachLight.usf" 339
"C:/Program Files (x86)/Epic Games/4.10/Engine/Binaries/Win64/../../../Engine/Shaders/BasePassVertexShader.usf" 340
"C:/Program Files (x86)/Epic Games/4.10/Engine/Binaries/Win64/../../../Engine/Shaders/BasePassVertexCommon.usf" 341
"C:/Program Files (x86)/Epic Games/4.10/Engine/Binaries/Win64/../../../Engine/Shaders/BasePassTessellationShaders.usf" 342
"C:/Program Files (x86)/Epic Games/4.10/Engine/Binaries/Win64/../../../Engine/Shaders/AtmospherePrecompute.usf" 343
"C:/Program Files (x86)/Epic Games/4.10/Engine/Binaries/Win64/../../../Engine/Shaders/AtmospherePrecomputeCommon.usf" 344
"C:/Program Files (x86)/Epic Games/4.10/Engine/Binaries/Win64/../../../Engine/Shaders/AtmospherePrecomputeInscatter.usf" 345
"C:/Program Files (x86)/Epic Games/4.10/Engine/Binaries/Win64/../../../Engine/Shaders/AtmosphericFogShader.usf" 346
"C:/Program Files (x86)/Epic Games/4.10/Engine/Binaries/Win64/../../../Engine/Shaders/ResolveVertexShader.usf" 347
"C:/Program Files (x86)/Epic Games/4.10/Engine/Binaries/Win64/../../../Engine/Shaders/ResolvePixelShader.usf" 348
"C:/Program Files (x86)/Epic Games/4.10/Engine/Binaries/Win64/../../../Engine/Shaders/OneColorShader.usf" 349
"C:/Program Files (x86)/Epic Games/4.10/Engine/Binaries/Win64/../../../Engine/Shaders/MediaShaders.usf" 350
"C:/Program Files (x86)/Epic Games/4.10/Engine/Binaries/Win64/../../../Engine/Shaders/ClearReplacementShaders.usf" 351
"C:/Program Files (x86)/Epic Games/4.10/Engine/Binaries/Win64/../../../Engine/Shaders/SimpleElementTexture2DPreviewPixelShader.usf" 352
"C:/Program Files (x86)/Epic Games/4.10/Engine/Binaries/Win64/../../../Engine/Shaders/SimpleElementNormalMapPixelShader.usf" 353
"C:/Program Files (x86)/Epic Games/4.10/Engine/Binaries/Win64/../../../Engine/Shaders/meshpaintdilatepixelshader.usf" 354
"C:/Program Files (x86)/Epic Games/4.10/Engine/Binaries/Win64/../../../Engine/Shaders/meshpaintdilatevertexshader.usf" 355
"C:/Program Files (x86)/Epic Games/4.10/Engine/Binaries/Win64/../../../Engine/Shaders/MeshPaintPixelShader.usf" 356
"C:/Program Files (x86)/Epic Games/4.10/Engine/Binaries/Win64/../../../Engine/Shaders/MeshPaintVertexShader.usf" 357
"../../../Engine/Config/Android/AndroidEngine.ini" 358
"../../../Engine/Config/IOS/IOSEngine.ini" 359
"../../../Engine/Config/Linux/LinuxEngine.ini" 360
"C:/Users/Gor/AppData/Local/UnrealEngine/4.10/DerivedDataCache/Boot.ddc" 361
"../../../Engine/DerivedDataCache/Compressed.ddp" 362
"../../../Engine/Content/EngineFonts/Roboto.uasset" 363
"../../../Engine/Content/EngineMaterials/Widget3DPassThrough_Translucent.uasset" 364
"../../../Engine/Content/EngineMaterials/Widget3DPassThrough.uasset" 365
"../../../Engine/Content/Functions/Engine_MaterialFunctions02/Texturing/ScreenAlignedUVs.uasset" 366
"../../../Engine/Content/EngineResources/WhiteSquareTexture.uasset" 367
"../../../Engine/Content/Functions/Engine_MaterialFunctions01/Shading/PowerToRoughness.uasset" 368
"../../../Engine/Content/Functions/Engine_MaterialFunctions01/Shading/ConvertFromDiffSpec.uasset" 369
"../../../Engine/Content/EngineMaterials/WorldGridMaterial.uasset" 370
"../../../Engine/Content/Functions/Engine_MaterialFunctions01/Opacity/CameraDepthFade.uasset" 371
"../../../Engine/Content/EngineMaterials/T_Default_Material_Grid_M.uasset" 372
"../../../Engine/Content/EngineMaterials/T_Default_Material_Grid_N.uasset" 373
"../../../Engine/Content/EngineMaterials/DefaultDeferredDecalMaterial.uasset" 374
"../../../Engine/Content/EngineMaterials/DefaultDiffuse.uasset" 375
"../../../Engine/Content/EngineMaterials/DefaultLightFunctionMaterial.uasset" 376
"../../../Engine/Content/EngineMaterials/DefaultPostProcessMaterial.uasset" 377
"../../../Engine/Content/Functions/Engine_MaterialFunctions02/Utility/BreakOutFloat2Components.uasset" 378
"../../../Engine/Content/EngineResources/DefaultTexture.uasset" 379
"../../../Engine/Content/EngineMaterials/Widget3DPassThrough_Translucent_OneSided.uasset" 380
"../../../Engine/Content/EngineMaterials/Widget3DPassThrough_Opaque.uasset" 381
"../../../Engine/Content/EngineMaterials/Widget3DPassThrough_Opaque_OneSided.uasset" 382
"../../../Engine/Content/EngineMaterials/Widget3DPassThrough_Masked.uasset" 383
"../../../Engine/Content/EngineMaterials/Widget3DPassThrough_Masked_OneSided.uasset" 384
"../../../Engine/Content/EditorResources/S_Actor.uasset" 385
"C:/Users/Gor/Documents/Unreal Projects/Mygame/Saved/Config/Windows/TemplateDefs.ini" 386
"../../../../../../Users/Gor/Documents/Unreal Projects/Mygame/Intermediate/Config/CoalescedSourceConfigs/TemplateDefs.ini" 387
"C:/Users/Gor/Documents/Unreal Projects/Mygame/Saved/Config/Windows/GameplayTags.ini" 388
"../../../../../../Users/Gor/Documents/Unreal Projects/Mygame/Intermediate/Config/CoalescedSourceConfigs/GameplayTags.ini" 389
"../../../Engine/Content/Maps/Templates/Thumbnails/Default.uasset" 390
"../../../Engine/Content/EditorMaterials/ParticleSystems/PSysThumbnail_NoImage.uasset" 391
"../../../Engine/Content/EditorMaterials/ParticleSystems/PSysThumbnail_OOD.uasset" 392
"../../../Engine/Content/EditorLandscapeResources/DataLayer.uasset" 393
"../../../Engine/Content/EngineDamageTypes/DmgTypeBP_Environmental.uasset" 394
"..\..\..\Engine\Content\Internationalization\icudt53l\numberingSystems.res" 395
"..\..\..\Engine\Content\Internationalization\icudt53l\curr\supplementalData.res" 396
"..\..\..\Engine\Content\Internationalization\icudt53l\curr\pool.res" 397
"..\..\..\Engine\Content\Internationalization\icudt53l\curr\en.res" 398
"..\..\..\Engine\Content\Internationalization\icudt53l\curr\root.res" 399
"../../../Engine/Content/EngineMeshes/Sphere.uasset" 400
"../../../Engine/Content/EngineFonts/RobotoDistanceField.uasset" 401
"../../../Engine/Content/EngineMaterials/DefaultTextMaterialOpaque.uasset" 402
"../../../Engine/Content/EditorResources/S_Trigger.uasset" 403
"../../../Engine/Content/EngineResources/GradientTexture0.uasset" 404
"../../../Engine/Content/EngineResources/Black.uasset" 405
"../../../Engine/Content/EditorMaterials/MatineeGroups/MAT_Groups_Float.uasset" 406
"../../../Engine/Content/EditorMaterials/MatineeGroups/MAT_Groups_Director.uasset" 407
"../../../Engine/Content/EditorMaterials/MatineeGroups/MAT_Groups_Event.uasset" 408
"../../../Engine/Content/EditorMaterials/MatineeGroups/MAT_Groups_Anim.uasset" 409
"../../../Engine/Content/EditorMaterials/MatineeGroups/MAT_Groups_Fade.uasset" 410
"../../../Engine/Content/EditorMaterials/MatineeGroups/MAT_Groups_Move.uasset" 411
"../../../Engine/Content/EditorMaterials/MatineeGroups/MAT_Groups_Slomo.uasset" 412
"../../../Engine/Content/EditorMaterials/MatineeGroups/MAT_ColorTrack.uasset" 413
"../../../Engine/Content/EditorMaterials/MAT_Groups_Toggle.uasset" 414
"../../../Engine/Content/EditorMaterials/MatineeGroups/MAT_Groups_AudioMaster.uasset" 415
"../../../Engine/Content/EditorMaterials/MatineeGroups/MAT_Groups_Sound.uasset" 416
"../../../Engine/Content/EditorMaterials/MatineeGroups/MAT_Groups_Vector.uasset" 417
"../../../Engine/Content/EditorMaterials/MAT_Groups_Visibility.uasset" 418
"../../../Engine/Content/EngineResources/DefaultTextureCube.uasset" 419
"../../../Engine/Content/EngineSounds/Master.uasset" 420
"../../../Engine/Content/EngineSounds/Music.uasset" 421
"../../../Engine/Content/EngineSounds/SFX.uasset" 422
"../../../Engine/Content/EngineSounds/Normal_Attack.uasset" 423
"../../../Engine/Content/EngineSounds/Special_Attack_PSM.uasset" 424
"../../../Engine/Content/EngineSounds/Duck_Normal_Attack_MixMod.uasset" 425
"../../../Engine/Content/EngineSounds/Voice.uasset" 426
"../../../Engine/Content/EngineMeshes/Cylinder.uasset" 427
"../../../Engine/Content/EngineMaterials/DefaultMaterial.uasset" 428
"../../../Engine/Content/EngineTireTypes/DefaultTireType.uasset" 429
"../../../Engine/Content/Editor/Slate/Fonts/FontAwesome.ttf" 430
"../../../Engine/Content/Editor/Slate/Fonts/DroidSansMono.ttf" 431
"../../../Engine/Content/Editor/Slate/Fonts/Roboto-BoldCondensed.ttf" 432
"../../../Engine/Content/Editor/Slate/Fonts/Roboto-Black.ttf" 433
"../../../Engine/Content/Editor/Slate/Fonts/Roboto-Italic.ttf" 434
"../../../Engine/Content/Editor/Slate/Fonts/Roboto-BoldCondensedItalic.ttf" 435
"..\..\..\Engine\Content\Internationalization\icudt53l\coll\ucadata.icu" 436
"..\..\..\Engine\Content\Internationalization\icudt53l\nfc.nrm" 437
"..\..\..\Engine\Content\Internationalization\icudt53l\coll\en.res" 438
"..\..\..\Engine\Content\Internationalization\icudt53l\coll\root.res" 439
"../../../Engine/Content/EngineResources/AICON-Red.uasset" 440
"../../../Engine/Content/EngineResources/AICON-Green.uasset" 441
"../../../Engine/Content/Tutorial/Basics/LevelEditorOverview.uasset" 442
"../../../Engine/Content/Tutorial/Basics/TutorialAssets/icon_tab_Levels_40x.uasset" 443
"../../../Engine/Content/Tutorial/BlueprintTutorials/BlueprintEditorTutorial.uasset" 444
"../../../Engine/Content/Tutorial/BlueprintTutorials/TutorialAssets/Blueprint_64x.uasset" 445
"../../../Engine/Content/Tutorial/Basics/LevelEditorAttract.uasset" 446
"../../../Engine/Content/Tutorial/BlueprintTutorials/LevelBlueprintEditorOverview.uasset" 447
"../../../Engine/Content/Tutorial/ContentIntroCurve.uasset" 448
"../../../Engine/Plugins/2D/Paper2D/Content/MaskedUnlitSpriteMaterial.uasset" 449
"../../../Engine/Plugins/2D/Paper2D/Content/DefaultSpriteMaterial.uasset" 450
"../../../Engine/Plugins/2D/Paper2D/Content/PlaceholderTextures/DummySpriteTexture.uasset" 451
"../../../Engine/Plugins/2D/Paper2D/Content/OpaqueUnlitSpriteMaterial.uasset" 452
"../../../Engine/Plugins/2D/Paper2D/Content/DefaultPaperTerrainMaterial.uasset" 453
"../../../Engine/Plugins/2D/Paper2D/Content/DummySprite.uasset" 454
"../../../Engine/Plugins/2D/Paper2D/Content/DummySpriteTexture.uasset" 455
"C:/Users/Gor/AppData/Local/UnrealEngine/4.10/Saved/Config/Windows/SourceControlSettings.ini" 456
"../../../../../../Users/Gor/Documents/Unreal Projects/Mygame/Intermediate/Config/CoalescedSourceConfigs/SourceControlSettings.ini" 457
"C:/Users/Gor/Documents/Unreal Projects/Mygame/Saved/Config/Windows/SourceControlSettings.ini" 458
"../../../Engine/Plugins/Runtime/LeapMotionController/Content/LM_CapsuleMesh.uasset" 459
"../../../Engine/Plugins/Runtime/LeapMotionController/Content/LM_TorusMesh.uasset" 460
"../../../Engine/Plugins/Runtime/LeapMotionController/Content/LM_HandColor.uasset" 461
"../../../Engine/Plugins/Runtime/LeapMotionController/Content/LM_PassthroughMaterial.uasset" 462
"../../../Engine/Plugins/Runtime/LeapMotionController/Content/LM_SampleDistortion.uasset" 463
"../../../Engine/Plugins/Runtime/LeapMotionController/Content/LM_TestTexture.uasset" 464
"../../../Engine/Content/BasicShapes/Cube.uasset" 465
"../../../Engine/Content/EngineMaterials/RemoveSurfaceMaterial.uasset" 466
"../../../Engine/Content/EngineDebugMaterials/DebugMeshMaterial.uasset" 467
"../../../Engine/Content/EngineMaterials/M_InvalidLightmapSettings.uasset" 468
"../../../Engine/Content/EngineMaterials/InvalidLightmapSettings.uasset" 469
"../../../Engine/Content/EditorMaterials/GizmoMaterial.uasset" 470
"../../../Engine/Content/EngineMaterials/Good64x64TilingNoiseHighFreq.uasset" 471
"../../../Engine/Content/EngineMaterials/DefaultBokeh.uasset" 472
"../../../Engine/Content/EngineMaterials/PreintegratedSkinBRDF.uasset" 473
"../../../Engine/Content/EngineMaterials/MiniFont.uasset" 474
"../../../Engine/Content/EngineMaterials/WeightMapPlaceholderTexture.uasset" 475
"../../../Engine/Content/EngineMaterials/DefaultWhiteGrid.uasset" 476
"../../../Engine/Content/EngineMaterials/DefaultPhysicalMaterial.uasset" 477
"../../../Engine/Content/EngineFonts/RobotoTiny.uasset" 478
"../../../../../../Users/Gor/Documents/Unreal Projects/Mygame/Intermediate/CachedAssetRegistry.bin" 479
"../../../../../../Users/Gor/Documents/Unreal Projects/Mygame/Content/a1.uasset" 480
"../../../../../../Users/Gor/Documents/Unreal Projects/Mygame/Content/a2.uasset" 481
"../../../../../../Users/Gor/Documents/Unreal Projects/Mygame/Content/homme.uasset" 482
"../../../../../../Users/Gor/Documents/Unreal Projects/Mygame/Content/homme_Mat.uasset" 483
"../../../../../../Users/Gor/Documents/Unreal Projects/Mygame/Content/hoyme.uasset" 484
"../../../../../../Users/Gor/Documents/Unreal Projects/Mygame/Content/Maps/Story1/level1.umap" 485
"../../../../../../Users/Gor/Documents/Unreal Projects/Mygame/Content/MyCharacterOther/Animation/CatBlueRun_Anim.uasset" 486
"../../../../../../Users/Gor/Documents/Unreal Projects/Mygame/Saved/Autosaves/Game/1028-50_Auto1.uasset" 487
"../../../../../../Users/Gor/Documents/Unreal Projects/Mygame/Saved/Autosaves/Game/1028-50_Mat_Auto1.uasset" 488
"../../../../../../Users/Gor/Documents/Unreal Projects/Mygame/Saved/Autosaves/Game/1028-50_Mat_Auto2.uasset" 489
"../../../../../../Users/Gor/Documents/Unreal Projects/Mygame/Saved/Autosaves/Game/1028-512-50_Auto1.uasset" 490
"../../../../../../Users/Gor/Documents/Unreal Projects/Mygame/Saved/Autosaves/Game/1028-512-50_Mat_Auto2.uasset" 491
"../../../../../../Users/Gor/Documents/Unreal Projects/Mygame/Saved/Autosaves/Game/1028-512_Auto1.uasset" 492
"../../../../../../Users/Gor/Documents/Unreal Projects/Mygame/Saved/Autosaves/Game/1028-512_Auto2.uasset" 493
"../../../../../../Users/Gor/Documents/Unreal Projects/Mygame/Saved/Autosaves/Game/1028-512_Mat_Auto2.uasset" 494
"../../../../../../Users/Gor/Documents/Unreal Projects/Mygame/Saved/Autosaves/Game/128_Auto3.uasset" 495
"../../../../../../Users/Gor/Documents/Unreal Projects/Mygame/Saved/Autosaves/Game/128_Mat_Auto1.uasset" 496
"../../../../../../Users/Gor/Documents/Unreal Projects/Mygame/Saved/Autosaves/Game/128_Mat_Auto3.uasset" 497
"../../../../../../Users/Gor/Documents/Unreal Projects/Mygame/Saved/Autosaves/Game/1920_Auto1.uasset" 498
"../../../../../../Users/Gor/Documents/Unreal Projects/Mygame/Saved/Autosaves/Game/baal_Mat_Auto1.uasset" 499
"../../../../../../Users/Gor/Documents/Unreal Projects/Mygame/Saved/Autosaves/Game/baal_?_Auto1.uasset" 500
"../../../../../../Users/Gor/Documents/Unreal Projects/Mygame/Saved/Autosaves/Game/baal_?_Mat_Auto2.uasset" 501
"../../../../../../Users/Gor/Documents/Unreal Projects/Mygame/Saved/Autosaves/Game/bakeTX_Auto1.uasset" 502
"../../../../../../Users/Gor/Documents/Unreal Projects/Mygame/Saved/Autosaves/Game/bake_Auto1.uasset" 503
"../../../../../../Users/Gor/Documents/Unreal Projects/Mygame/Saved/Autosaves/Game/bake_Auto2.uasset" 504
"../../../../../../Users/Gor/Documents/Unreal Projects/Mygame/Saved/Autosaves/Game/bakke-min_Auto1.uasset" 505
"../../../../../../Users/Gor/Documents/Unreal Projects/Mygame/Saved/Autosaves/Game/Ball_blue_01_Auto2.uasset" 506
"../../../../../../Users/Gor/Documents/Unreal Projects/Mygame/Saved/Autosaves/Game/bez_imeni_Auto2.uasset" 507
"../../../../../../Users/Gor/Documents/Unreal Projects/Mygame/Saved/Autosaves/Game/bez_imeni_Auto3.uasset" 508
"../../../../../../Users/Gor/Documents/Unreal Projects/Mygame/Saved/Autosaves/Game/HighRiseGlass0016_1_Mat_Auto1.uasset" 509
"../../../../../../Users/Gor/Documents/Unreal Projects/Mygame/Saved/Autosaves/Game/HighRiseGlass0016_1_Mat_Auto2.uasset" 510
"../../../../../../Users/Gor/Documents/Unreal Projects/Mygame/Saved/Autosaves/Game/HighRiseGlass0016_1_Mat_Auto4.uasset" 511
"../../../../../../Users/Gor/Documents/Unreal Projects/Mygame/Saved/Autosaves/Game/HighRiseNight0007_5_Mat_Auto1.uasset" 512
"../../../../../../Users/Gor/Documents/Unreal Projects/Mygame/Saved/Autosaves/Game/HighRiseNight0007_5_Mat_Auto2.uasset" 513
"../../../../../../Users/Gor/Documents/Unreal Projects/Mygame/Saved/Autosaves/Game/HighRiseNight0007_5_Mat_Auto4.uasset" 514
"../../../../../../Users/Gor/Documents/Unreal Projects/Mygame/Saved/Autosaves/Game/HighRiseNight0007_5_Mat_Auto5.uasset" 515
"../../../../../../Users/Gor/Documents/Unreal Projects/Mygame/Saved/Autosaves/Game/HighRiseNight0007_5_Mat_Auto6.uasset" 516
"../../../../../../Users/Gor/Documents/Unreal Projects/Mygame/Saved/Autosaves/Game/HighRiseNight0007_5_S_Auto5.uasset" 517
"../../../../../../Users/Gor/Documents/Unreal Projects/Mygame/Saved/Autosaves/Game/HighRiseNight0049_1_Mat_Auto1.uasset" 518
"../../../../../../Users/Gor/Documents/Unreal Projects/Mygame/Saved/Autosaves/Game/HighRiseNight0049_1_Mat_Auto2.uasset" 519
"../../../../../../Users/Gor/Documents/Unreal Projects/Mygame/Saved/Autosaves/Game/HighRiseNight0049_1_Mat_Auto6.uasset" 520
"../../../../../../Users/Gor/Documents/Unreal Projects/Mygame/Saved/Autosaves/Game/hourglass_Auto2.uasset" 521
"../../../../../../Users/Gor/Documents/Unreal Projects/Mygame/Saved/Autosaves/Game/kiwi-arbuz_Auto1.uasset" 522
"../../../../../../Users/Gor/Documents/Unreal Projects/Mygame/Saved/Autosaves/Game/kiwi-arbuz_Mat_Auto1.uasset" 523
"../../../../../../Users/Gor/Documents/Unreal Projects/Mygame/Saved/Autosaves/Game/level1_Auto0.umap" 524
"../../../../../../Users/Gor/Documents/Unreal Projects/Mygame/Saved/Autosaves/Game/level1_Auto1.umap" 525
"../../../../../../Users/Gor/Documents/Unreal Projects/Mygame/Saved/Autosaves/Game/level1_Auto2.umap" 526
"../../../../../../Users/Gor/Documents/Unreal Projects/Mygame/Saved/Autosaves/Game/level1_Auto3.umap" 527
"../../../../../../Users/Gor/Documents/Unreal Projects/Mygame/Saved/Autosaves/Game/level1_Auto4.umap" 528
"../../../../../../Users/Gor/Documents/Unreal Projects/Mygame/Saved/Autosaves/Game/level1_Auto5.umap" 529
"../../../../../../Users/Gor/Documents/Unreal Projects/Mygame/Saved/Autosaves/Game/level1_Auto6.umap" 530
"../../../../../../Users/Gor/Documents/Unreal Projects/Mygame/Saved/Autosaves/Game/level1_Auto7.umap" 531
"../../../../../../Users/Gor/Documents/Unreal Projects/Mygame/Saved/Autosaves/Game/ll_Auto2.uasset" 532
"../../../../../../Users/Gor/Documents/Unreal Projects/Mygame/Saved/Autosaves/Game/ll_Mat_Auto2.uasset" 533
"../../../../../../Users/Gor/Documents/Unreal Projects/Mygame/Saved/Autosaves/Game/matbake_Auto5.uasset" 534
"../../../../../../Users/Gor/Documents/Unreal Projects/Mygame/Saved/Autosaves/Game/matTX_Auto1.uasset" 535
"../../../../../../Users/Gor/Documents/Unreal Projects/Mygame/Saved/Autosaves/Game/NewMaterial_Auto1.uasset" 536
"../../../../../../Users/Gor/Documents/Unreal Projects/Mygame/Saved/Autosaves/Game/NewMaterial_Auto9.uasset" 537
"../../../../../../Users/Gor/Documents/Unreal Projects/Mygame/Saved/Autosaves/Game/newwidgetpng256-128_Auto2.uasset" 538
"../../../../../../Users/Gor/Documents/Unreal Projects/Mygame/Saved/Autosaves/Game/untitled-512-326-90_Auto1.uasset" 539
"../../../../../../Users/Gor/Documents/Unreal Projects/Mygame/Saved/Autosaves/Game/untitled-512-512-0_Mat_Auto1.uasset" 540
"../../../../../../Users/Gor/Documents/Unreal Projects/Mygame/Saved/Autosaves/Game/untitled-512-512-0_Mat_Auto2.uasset" 541
"../../../../../../Users/Gor/Documents/Unreal Projects/Mygame/Saved/Autosaves/Game/untitled-512-512-100_Auto2.uasset" 542
"../../../../../../Users/Gor/Documents/Unreal Projects/Mygame/Saved/Autosaves/Game/untitled-512-512-90_Auto2.uasset" 543
"../../../../../../Users/Gor/Documents/Unreal Projects/Mygame/Saved/Autosaves/Game/untitled1-16_Auto2.uasset" 544
"../../../../../../Users/Gor/Documents/Unreal Projects/Mygame/Saved/Autosaves/Game/untitled1-16_Mat_Auto8.uasset" 545
"../../../../../../Users/Gor/Documents/Unreal Projects/Mygame/Saved/Autosaves/Game/untitled1_Auto1.uasset" 546
"../../../../../../Users/Gor/Documents/Unreal Projects/Mygame/Saved/Autosaves/Game/untitled1_Auto2.uasset" 547
"../../../../../../Users/Gor/Documents/Unreal Projects/Mygame/Saved/Autosaves/Game/untitled1_Mat_Auto1.uasset" 548
"../../../../../../Users/Gor/Documents/Unreal Projects/Mygame/Saved/Autosaves/Game/untitled22-11_Auto1.uasset" 549
"../../../../../../Users/Gor/Documents/Unreal Projects/Mygame/Saved/Autosaves/Game/untitled22-11_Auto2.uasset" 550
"../../../../../../Users/Gor/Documents/Unreal Projects/Mygame/Saved/Autosaves/Game/untitled22-12_Auto1.uasset" 551
"../../../../../../Users/Gor/Documents/Unreal Projects/Mygame/Saved/Autosaves/Game/untitled22-12_Auto2.uasset" 552
"../../../../../../Users/Gor/Documents/Unreal Projects/Mygame/Saved/Autosaves/Game/untitled22-25_Auto1.uasset" 553
"../../../../../../Users/Gor/Documents/Unreal Projects/Mygame/Saved/Autosaves/Game/untitled22-26_Auto1.uasset" 554
"../../../../../../Users/Gor/Documents/Unreal Projects/Mygame/Saved/Autosaves/Game/untitled22_Anim_Auto2.uasset" 555
"../../../../../../Users/Gor/Documents/Unreal Projects/Mygame/Saved/Autosaves/Game/untitled22_Anim_Auto3.uasset" 556
"../../../../../../Users/Gor/Documents/Unreal Projects/Mygame/Saved/Autosaves/Game/untitled22_Auto2.uasset" 557
"../../../../../../Users/Gor/Documents/Unreal Projects/Mygame/Saved/Autosaves/Game/untitled22_Auto3.uasset" 558
"../../../../../../Users/Gor/Documents/Unreal Projects/Mygame/Saved/Autosaves/Game/untitled2_Auto1.uasset" 559
"../../../../../../Users/Gor/Documents/Unreal Projects/Mygame/Saved/Autosaves/Game/untitled2_Auto2.uasset" 560
"../../../../../../Users/Gor/Documents/Unreal Projects/Mygame/Saved/Autosaves/Game/untitled2_Auto5.uasset" 561
"../../../../../../Users/Gor/Documents/Unreal Projects/Mygame/Saved/Autosaves/Game/untitled31_Anim_Auto1.uasset" 562
"../../../../../../Users/Gor/Documents/Unreal Projects/Mygame/Saved/Autosaves/Game/untitled31_Anim_Auto2.uasset" 563
"../../../../../../Users/Gor/Documents/Unreal Projects/Mygame/Saved/Autosaves/Game/untitled31_Auto1.uasset" 564
"../../../../../../Users/Gor/Documents/Unreal Projects/Mygame/Saved/Autosaves/Game/untitled31_Auto2.uasset" 565
"../../../../../../Users/Gor/Documents/Unreal Projects/Mygame/Saved/Autosaves/Game/untitled31_Skeleton_Auto1.uasset" 566
"../../../../../../Users/Gor/Documents/Unreal Projects/Mygame/Saved/Autosaves/Game/untitled31_Skeleton_Auto2.uasset" 567
"../../../../../../Users/Gor/Documents/Unreal Projects/Mygame/Saved/Autosaves/Game/untitled32_Auto1.uasset" 568
"../../../../../../Users/Gor/Documents/Unreal Projects/Mygame/Saved/Autosaves/Game/untitled32_PhysicsAsset_Auto1.uasset" 569
"../../../../../../Users/Gor/Documents/Unreal Projects/Mygame/Saved/Autosaves/Game/untitled32_Skeleton_Auto1.uasset" 570
"../../../../../../Users/Gor/Documents/Unreal Projects/Mygame/Saved/Autosaves/Game/untitled3_Auto5.uasset" 571
"../../../../../../Users/Gor/Documents/Unreal Projects/Mygame/Saved/Autosaves/Game/untitled4_Auto1.uasset" 572
"../../../../../../Users/Gor/Documents/Unreal Projects/Mygame/Saved/Autosaves/Game/untitled5_Auto1.uasset" 573
"../../../../../../Users/Gor/Documents/Unreal Projects/Mygame/Saved/Autosaves/Game/untitled7-16_Auto8.uasset" 574
"../../../../../../Users/Gor/Documents/Unreal Projects/Mygame/Saved/Autosaves/Game/untitled7-16_Mat_Auto8.uasset" 575
"../../../../../../Users/Gor/Documents/Unreal Projects/Mygame/Saved/Autosaves/Game/untitled9_Auto3.uasset" 576
"../../../../../../Users/Gor/Documents/Unreal Projects/Mygame/Saved/Autosaves/Game/untitled_Auto2.uasset" 577
"../../../../../../Users/Gor/Documents/Unreal Projects/Mygame/Saved/Autosaves/Game/untitled_Mat_Auto2.uasset" 578
"../../../../../../Users/Gor/Documents/Unreal Projects/Mygame/Saved/Autosaves/Game/vidgetjpg_Auto1.uasset" 579
"../../../../../../Users/Gor/Documents/Unreal Projects/Mygame/Saved/Autosaves/Game/vidgetpng_Auto1.uasset" 580
"../../../../../../Users/Gor/Documents/Unreal Projects/Mygame/Saved/Autosaves/Game/watercraftPack_001_Auto1.uasset" 581
"../../../../../../Users/Gor/Documents/Unreal Projects/Mygame/Saved/Autosaves/Game/WindowsBacklit0036_1_download_Mat_Auto1.uasset" 582
"../../../../../../Users/Gor/Documents/Unreal Projects/Mygame/Saved/Autosaves/Game/yd_Auto1.uasset" 583
"../../../../../../Users/Gor/Documents/Unreal Projects/Mygame/Saved/Autosaves/Game/_c1-1_1024x1024_jpg_Auto1.uasset" 584
"../../../../../../Users/Gor/Documents/Unreal Projects/Mygame/Saved/Autosaves/Game/????????_001_Auto1.uasset" 585
"../../../../../../Users/Gor/Documents/Unreal Projects/Mygame/Saved/Autosaves/Game/????????_001_Auto2.uasset" 586
"../../../../../../Users/Gor/Documents/Unreal Projects/Mygame/Saved/Autosaves/Game/????????_Auto1.uasset" 587
"../../../../../../Users/Gor/Documents/Unreal Projects/Mygame/Saved/Autosaves/Game/????????_Auto2.uasset" 588
"../../../../../../Users/Gor/Documents/Unreal Projects/Mygame/Saved/Autosaves/Game/Aibots/MyAIController_Auto1.uasset" 589
"../../../../../../Users/Gor/Documents/Unreal Projects/Mygame/Saved/Autosaves/Game/AiDog/AIControllerDog_Auto3.uasset" 590
"../../../../../../Users/Gor/Documents/Unreal Projects/Mygame/Saved/Autosaves/Game/AiDog/AIControllerDog_Auto4.uasset" 591
"../../../../../../Users/Gor/Documents/Unreal Projects/Mygame/Saved/Autosaves/Game/AiDog/AiDog_Auto3.uasset" 592
"../../../../../../Users/Gor/Documents/Unreal Projects/Mygame/Saved/Autosaves/Game/Blueprints/MyCharacter_Auto1.uasset" 593
"../../../../../../Users/Gor/Documents/Unreal Projects/Mygame/Saved/Autosaves/Game/Blueprints/MyCharacter_Auto2.uasset" 594
"../../../../../../Users/Gor/Documents/Unreal Projects/Mygame/Saved/Autosaves/Game/BoxTrigger/BlueprintTrigger_Auto2.uasset" 595
"../../../../../../Users/Gor/Documents/Unreal Projects/Mygame/Saved/Autosaves/Game/BoxTrigger/BlueprintTrigger_Auto3.uasset" 596
"../../../../../../Users/Gor/Documents/Unreal Projects/Mygame/Saved/Autosaves/Game/BoxTrigger/BlueprintTrigger_Auto4.uasset" 597
"../../../../../../Users/Gor/Documents/Unreal Projects/Mygame/Saved/Autosaves/Game/BoxTrigger/BlueprintTrigger_Auto5.uasset" 598
"../../../../../../Users/Gor/Documents/Unreal Projects/Mygame/Saved/Autosaves/Game/BoxTrigger/BlueprintTrigger_Auto6.uasset" 599
"../../../../../../Users/Gor/Documents/Unreal Projects/Mygame/Saved/Autosaves/Game/BoxTrigger/interface/CharBox_Auto3.uasset" 600
"../../../../../../Users/Gor/Documents/Unreal Projects/Mygame/Saved/Autosaves/Game/BoxTrigger/interface/CharBox_Auto4.uasset" 601
"../../../../../../Users/Gor/Documents/Unreal Projects/Mygame/Saved/Autosaves/Game/BoxTrigger/interface/interfacestats_Auto1.uasset" 602
"../../../../../../Users/Gor/Documents/Unreal Projects/Mygame/Saved/Autosaves/Game/BoxTrigger/interface/NewInterface_Auto1.uasset" 603
"../../../../../../Users/Gor/Documents/Unreal Projects/Mygame/Saved/Autosaves/Game/BoxTriggers/TriggerDown_Auto1.uasset" 604
"../../../../../../Users/Gor/Documents/Unreal Projects/Mygame/Saved/Autosaves/Game/BoxTriggers/TriggerDown_Auto2.uasset" 605
"../../../../../../Users/Gor/Documents/Unreal Projects/Mygame/Saved/Autosaves/Game/BoxTriggers/TriggerDown_Auto3.uasset" 606
"../../../../../../Users/Gor/Documents/Unreal Projects/Mygame/Saved/Autosaves/Game/BoxTriggers/TriggerDown_Auto4.uasset" 607
"../../../../../../Users/Gor/Documents/Unreal Projects/Mygame/Saved/Autosaves/Game/BoxTriggers/TriggerDown_Auto5.uasset" 608
"../../../../../../Users/Gor/Documents/Unreal Projects/Mygame/Saved/Autosaves/Game/BoxTriggers/TriggerDown_Auto7.uasset" 609
"../../../../../../Users/Gor/Documents/Unreal Projects/Mygame/Saved/Autosaves/Game/BoxTriggers/TriggerFinishedLeveles_Auto0.uasset" 610
"../../../../../../Users/Gor/Documents/Unreal Projects/Mygame/Saved/Autosaves/Game/BoxTriggers/TriggerFinishedLeveles_Auto1.uasset" 611
"../../../../../../Users/Gor/Documents/Unreal Projects/Mygame/Saved/Autosaves/Game/BoxTriggers/TriggerFinishedLeveles_Auto2.uasset" 612
"../../../../../../Users/Gor/Documents/Unreal Projects/Mygame/Saved/Autosaves/Game/BoxTriggers/TriggerFinishedLeveles_Auto3.uasset" 613
"../../../../../../Users/Gor/Documents/Unreal Projects/Mygame/Saved/Autosaves/Game/BoxTriggers/TriggerFinishedLeveles_Auto4.uasset" 614
"../../../../../../Users/Gor/Documents/Unreal Projects/Mygame/Saved/Autosaves/Game/BoxTriggers/TriggerFinishedLeveles_Auto5.uasset" 615
"../../../../../../Users/Gor/Documents/Unreal Projects/Mygame/Saved/Autosaves/Game/BoxTriggers/TriggerFinishedLeveles_Auto6.uasset" 616
"../../../../../../Users/Gor/Documents/Unreal Projects/Mygame/Saved/Autosaves/Game/BoxTriggers/TriggerFinishedLeveles_Auto7.uasset" 617
"../../../../../../Users/Gor/Documents/Unreal Projects/Mygame/Saved/Autosaves/Game/BoxTriggers/TriggerFinishedLeveles_Auto8.uasset" 618
"../../../../../../Users/Gor/Documents/Unreal Projects/Mygame/Saved/Autosaves/Game/BoxTriggers/TriggerFinishedLeveles_Auto9.uasset" 619
"../../../../../../Users/Gor/Documents/Unreal Projects/Mygame/Saved/Autosaves/Game/BoxTriggers/TriggerSpeed_Auto1.uasset" 620
"../../../../../../Users/Gor/Documents/Unreal Projects/Mygame/Saved/Autosaves/Game/BoxTriggers/TriggerSpeed_Auto2.uasset" 621
"../../../../../../Users/Gor/Documents/Unreal Projects/Mygame/Saved/Autosaves/Game/BoxTriggers/TriggerSpeed_Auto3.uasset" 622
"../../../../../../Users/Gor/Documents/Unreal Projects/Mygame/Saved/Autosaves/Game/BoxTriggers/TriggerSpeed_Auto4.uasset" 623
"../../../../../../Users/Gor/Documents/Unreal Projects/Mygame/Saved/Autosaves/Game/BoxTriggers/TriggerSpeed_Auto6.uasset" 624
"../../../../../../Users/Gor/Documents/Unreal Projects/Mygame/Saved/Autosaves/Game/BoxTriggers/TriggerSpeed_Auto8.uasset" 625
"../../../../../../Users/Gor/Documents/Unreal Projects/Mygame/Saved/Autosaves/Game/GameModels/bak_Auto1.uasset" 626
"../../../../../../Users/Gor/Documents/Unreal Projects/Mygame/Saved/Autosaves/Game/GameModels/bak_Mat_Auto1.uasset" 627
"../../../../../../Users/Gor/Documents/Unreal Projects/Mygame/Saved/Autosaves/Game/GameModels/car_Auto1.uasset" 628
"../../../../../../Users/Gor/Documents/Unreal Projects/Mygame/Saved/Autosaves/Game/GameModels/car_Mat_Auto1.uasset" 629
"../../../../../../Users/Gor/Documents/Unreal Projects/Mygame/Saved/Autosaves/Game/GameModels/m_car_Auto1.uasset" 630
"../../../../../../Users/Gor/Documents/Unreal Projects/Mygame/Saved/Autosaves/Game/GameModels/m_prival2_Auto1.uasset" 631
"../../../../../../Users/Gor/Documents/Unreal Projects/Mygame/Saved/Autosaves/Game/GameModels/prival1_Mat_Auto1.uasset" 632
"../../../../../../Users/Gor/Documents/Unreal Projects/Mygame/Saved/Autosaves/Game/GameModels/prival2_Mat_Auto1.uasset" 633
"../../../../../../Users/Gor/Documents/Unreal Projects/Mygame/Saved/Autosaves/Game/GameModels/SM_Rock_Auto1.uasset" 634
"../../../../../../Users/Gor/Documents/Unreal Projects/Mygame/Saved/Autosaves/Game/GameModels/SM_Rock_Auto5.uasset" 635
"../../../../../../Users/Gor/Documents/Unreal Projects/Mygame/Saved/Autosaves/Game/GameModels/stolb_Mat_Auto1.uasset" 636
"../../../../../../Users/Gor/Documents/Unreal Projects/Mygame/Saved/Autosaves/Game/GameModels/untitled14_Auto1.uasset" 637
"../../../../../../Users/Gor/Documents/Unreal Projects/Mygame/Saved/Autosaves/Game/GameModels/vedro_Mat_Auto1.uasset" 638
"../../../../../../Users/Gor/Documents/Unreal Projects/Mygame/Saved/Autosaves/Game/GameModels/Level1-1/1-orange_Auto1.uasset" 639
"../../../../../../Users/Gor/Documents/Unreal Projects/Mygame/Saved/Autosaves/Game/GameModels/Level1-1/1-orange_Mat_Auto1.uasset" 640
"../../../../../../Users/Gor/Documents/Unreal Projects/Mygame/Saved/Autosaves/Game/GameModels/Level1-1/10_Auto1.uasset" 641
"../../../../../../Users/Gor/Documents/Unreal Projects/Mygame/Saved/Autosaves/Game/GameModels/Level1-1/11_Auto1.uasset" 642
"../../../../../../Users/Gor/Documents/Unreal Projects/Mygame/Saved/Autosaves/Game/GameModels/Level1-1/12_Auto1.uasset" 643
"../../../../../../Users/Gor/Documents/Unreal Projects/Mygame/Saved/Autosaves/Game/GameModels/Level1-1/1tex_Auto2.uasset" 644
"../../../../../../Users/Gor/Documents/Unreal Projects/Mygame/Saved/Autosaves/Game/GameModels/Level1-1/1tex_Mat_Auto2.uasset" 645
"../../../../../../Users/Gor/Documents/Unreal Projects/Mygame/Saved/Autosaves/Game/GameModels/Level1-1/1tex_Mat_Auto5.uasset" 646
"../../../../../../Users/Gor/Documents/Unreal Projects/Mygame/Saved/Autosaves/Game/GameModels/Level1-1/1_Auto1.uasset" 647
"../../../../../../Users/Gor/Documents/Unreal Projects/Mygame/Saved/Autosaves/Game/GameModels/Level1-1/1_Mat_Auto1.uasset" 648
"../../../../../../Users/Gor/Documents/Unreal Projects/Mygame/Saved/Autosaves/Game/GameModels/Level1-1/2-orange_Auto1.uasset" 649
"../../../../../../Users/Gor/Documents/Unreal Projects/Mygame/Saved/Autosaves/Game/GameModels/Level1-1/2-orange_Mat_Auto1.uasset" 650
"../../../../../../Users/Gor/Documents/Unreal Projects/Mygame/Saved/Autosaves/Game/GameModels/Level1-1/22_Auto1.uasset" 651
"../../../../../../Users/Gor/Documents/Unreal Projects/Mygame/Saved/Autosaves/Game/GameModels/Level1-1/22_Mat_Auto1.uasset" 652
"../../../../../../Users/Gor/Documents/Unreal Projects/Mygame/Saved/Autosaves/Game/GameModels/Level1-1/2tex_Auto2.uasset" 653
"../../../../../../Users/Gor/Documents/Unreal Projects/Mygame/Saved/Autosaves/Game/GameModels/Level1-1/2tex_Mat_Auto2.uasset" 654
"../../../../../../Users/Gor/Documents/Unreal Projects/Mygame/Saved/Autosaves/Game/GameModels/Level1-1/2tex_Mat_Auto5.uasset" 655
"../../../../../../Users/Gor/Documents/Unreal Projects/Mygame/Saved/Autosaves/Game/GameModels/Level1-1/2_Auto1.uasset" 656
"../../../../../../Users/Gor/Documents/Unreal Projects/Mygame/Saved/Autosaves/Game/GameModels/Level1-1/2_Mat_Auto1.uasset" 657
"../../../../../../Users/Gor/Documents/Unreal Projects/Mygame/Saved/Autosaves/Game/GameModels/Level1-1/32-0000000_Auto8.uasset" 658
"../../../../../../Users/Gor/Documents/Unreal Projects/Mygame/Saved/Autosaves/Game/GameModels/Level1-1/32-0000000_Mat_Auto8.uasset" 659
"../../../../../../Users/Gor/Documents/Unreal Projects/Mygame/Saved/Autosaves/Game/GameModels/Level1-1/32-111111111111_Auto8.uasset" 660
"../../../../../../Users/Gor/Documents/Unreal Projects/Mygame/Saved/Autosaves/Game/GameModels/Level1-1/32-111111111111_Mat_Auto8.uasset" 661
"../../../../../../Users/Gor/Documents/Unreal Projects/Mygame/Saved/Autosaves/Game/GameModels/Level1-1/32_Auto8.uasset" 662
"../../../../../../Users/Gor/Documents/Unreal Projects/Mygame/Saved/Autosaves/Game/GameModels/Level1-1/3tex_Auto2.uasset" 663
"../../../../../../Users/Gor/Documents/Unreal Projects/Mygame/Saved/Autosaves/Game/GameModels/Level1-1/3tex_Mat_Auto2.uasset" 664
"../../../../../../Users/Gor/Documents/Unreal Projects/Mygame/Saved/Autosaves/Game/GameModels/Level1-1/3tex_Mat_Auto5.uasset" 665
"../../../../../../Users/Gor/Documents/Unreal Projects/Mygame/Saved/Autosaves/Game/GameModels/Level1-1/3_Auto1.uasset" 666
"../../../../../../Users/Gor/Documents/Unreal Projects/Mygame/Saved/Autosaves/Game/GameModels/Level1-1/4tex_Auto2.uasset" 667
"../../../../../../Users/Gor/Documents/Unreal Projects/Mygame/Saved/Autosaves/Game/GameModels/Level1-1/4tex_Mat_Auto2.uasset" 668
"../../../../../../Users/Gor/Documents/Unreal Projects/Mygame/Saved/Autosaves/Game/GameModels/Level1-1/4tex_Mat_Auto5.uasset" 669
"../../../../../../Users/Gor/Documents/Unreal Projects/Mygame/Saved/Autosaves/Game/GameModels/Level1-1/4_Auto1.uasset" 670
"../../../../../../Users/Gor/Documents/Unreal Projects/Mygame/Saved/Autosaves/Game/GameModels/Level1-1/5tex_Auto2.uasset" 671
"../../../../../../Users/Gor/Documents/Unreal Projects/Mygame/Saved/Autosaves/Game/GameModels/Level1-1/5tex_Mat_Auto2.uasset" 672
"../../../../../../Users/Gor/Documents/Unreal Projects/Mygame/Saved/Autosaves/Game/GameModels/Level1-1/5tex_Mat_Auto5.uasset" 673
"../../../../../../Users/Gor/Documents/Unreal Projects/Mygame/Saved/Autosaves/Game/GameModels/Level1-1/5tex_Mat_Auto9.uasset" 674
"../../../../../../Users/Gor/Documents/Unreal Projects/Mygame/Saved/Autosaves/Game/GameModels/Level1-1/5_Auto1.uasset" 675
"../../../../../../Users/Gor/Documents/Unreal Projects/Mygame/Saved/Autosaves/Game/GameModels/Level1-1/6tex_Auto2.uasset" 676
"../../../../../../Users/Gor/Documents/Unreal Projects/Mygame/Saved/Autosaves/Game/GameModels/Level1-1/6tex_Mat_Auto2.uasset" 677
"../../../../../../Users/Gor/Documents/Unreal Projects/Mygame/Saved/Autosaves/Game/GameModels/Level1-1/6tex_Mat_Auto5.uasset" 678
"../../../../../../Users/Gor/Documents/Unreal Projects/Mygame/Saved/Autosaves/Game/GameModels/Level1-1/6_Auto1.uasset" 679
"../../../../../../Users/Gor/Documents/Unreal Projects/Mygame/Saved/Autosaves/Game/GameModels/Level1-1/7tex_Auto2.uasset" 680
"../../../../../../Users/Gor/Documents/Unreal Projects/Mygame/Saved/Autosaves/Game/GameModels/Level1-1/7tex_Mat_Auto2.uasset" 681
"../../../../../../Users/Gor/Documents/Unreal Projects/Mygame/Saved/Autosaves/Game/GameModels/Level1-1/7tex_Mat_Auto5.uasset" 682
"../../../../../../Users/Gor/Documents/Unreal Projects/Mygame/Saved/Autosaves/Game/GameModels/Level1-1/7_Auto1.uasset" 683
"../../../../../../Users/Gor/Documents/Unreal Projects/Mygame/Saved/Autosaves/Game/GameModels/Level1-1/8_Auto1.uasset" 684
"../../../../../../Users/Gor/Documents/Unreal Projects/Mygame/Saved/Autosaves/Game/GameModels/Level1-1/9_Auto1.uasset" 685
"../../../../../../Users/Gor/Documents/Unreal Projects/Mygame/Saved/Autosaves/Game/GameModels/Level1-1/derevo1-green_Auto1.uasset" 686
"../../../../../../Users/Gor/Documents/Unreal Projects/Mygame/Saved/Autosaves/Game/GameModels/Level1-1/derevo1-green_Auto2.uasset" 687
"../../../../../../Users/Gor/Documents/Unreal Projects/Mygame/Saved/Autosaves/Game/GameModels/Level1-1/derevo1-orange_Auto1.uasset" 688
"../../../../../../Users/Gor/Documents/Unreal Projects/Mygame/Saved/Autosaves/Game/GameModels/Level1-1/derevo1-orange_Auto2.uasset" 689
"../../../../../../Users/Gor/Documents/Unreal Projects/Mygame/Saved/Autosaves/Game/GameModels/Level1-1/derevo114_Auto2.uasset" 690
"../../../../../../Users/Gor/Documents/Unreal Projects/Mygame/Saved/Autosaves/Game/GameModels/Level1-1/derevo148_Auto2.uasset" 691
"../../../../../../Users/Gor/Documents/Unreal Projects/Mygame/Saved/Autosaves/Game/GameModels/Level1-1/derevo151-161_Auto0.uasset" 692
"../../../../../../Users/Gor/Documents/Unreal Projects/Mygame/Saved/Autosaves/Game/GameModels/Level1-1/derevo151-161_Auto2.uasset" 693
"../../../../../../Users/Gor/Documents/Unreal Projects/Mygame/Saved/Autosaves/Game/GameModels/Level1-1/derevo159_Auto2.uasset" 694
"../../../../../../Users/Gor/Documents/Unreal Projects/Mygame/Saved/Autosaves/Game/GameModels/Level1-1/derevo160_Auto2.uasset" 695
"../../../../../../Users/Gor/Documents/Unreal Projects/Mygame/Saved/Autosaves/Game/GameModels/Level1-1/derevo163_Auto2.uasset" 696
"../../../../../../Users/Gor/Documents/Unreal Projects/Mygame/Saved/Autosaves/Game/GameModels/Level1-1/derevo164_Auto2.uasset" 697
"../../../../../../Users/Gor/Documents/Unreal Projects/Mygame/Saved/Autosaves/Game/GameModels/Level1-1/derevo165_Auto2.uasset" 698
"../../../../../../Users/Gor/Documents/Unreal Projects/Mygame/Saved/Autosaves/Game/GameModels/Level1-1/derevo166_Auto2.uasset" 699
"../../../../../../Users/Gor/Documents/Unreal Projects/Mygame/Saved/Autosaves/Game/GameModels/Level1-1/derevo1_Auto2.uasset" 700
"../../../../../../Users/Gor/Documents/Unreal Projects/Mygame/Saved/Autosaves/Game/GameModels/Level1-1/derevo2-green_Auto1.uasset" 701
"../../../../../../Users/Gor/Documents/Unreal Projects/Mygame/Saved/Autosaves/Game/GameModels/Level1-1/derevo2-green_Auto2.uasset" 702
"../../../../../../Users/Gor/Documents/Unreal Projects/Mygame/Saved/Autosaves/Game/GameModels/Level1-1/derevo2-orange_Auto1.uasset" 703
"../../../../../../Users/Gor/Documents/Unreal Projects/Mygame/Saved/Autosaves/Game/GameModels/Level1-1/derevo2-orange_Auto2.uasset" 704
"../../../../../../Users/Gor/Documents/Unreal Projects/Mygame/Saved/Autosaves/Game/GameModels/Level1-1/derevo2_Auto1.uasset" 705
"../../../../../../Users/Gor/Documents/Unreal Projects/Mygame/Saved/Autosaves/Game/GameModels/Level1-1/derevo2_Auto2.uasset" 706
"../../../../../../Users/Gor/Documents/Unreal Projects/Mygame/Saved/Autosaves/Game/GameModels/Level1-1/derevo3-orange_Auto1.uasset" 707
"../../../../../../Users/Gor/Documents/Unreal Projects/Mygame/Saved/Autosaves/Game/GameModels/Level1-1/derevo3-orange_Auto2.uasset" 708
"../../../../../../Users/Gor/Documents/Unreal Projects/Mygame/Saved/Autosaves/Game/GameModels/Level1-1/derevo3_Auto1.uasset" 709
"../../../../../../Users/Gor/Documents/Unreal Projects/Mygame/Saved/Autosaves/Game/GameModels/Level1-1/derevo3_Auto2.uasset" 710
"../../../../../../Users/Gor/Documents/Unreal Projects/Mygame/Saved/Autosaves/Game/GameModels/Level1-1/derevo4-orange_Auto1.uasset" 711
"../../../../../../Users/Gor/Documents/Unreal Projects/Mygame/Saved/Autosaves/Game/GameModels/Level1-1/derevo4-orange_Auto2.uasset" 712
"../../../../../../Users/Gor/Documents/Unreal Projects/Mygame/Saved/Autosaves/Game/GameModels/Level1-1/derevo4_Auto1.uasset" 713
"../../../../../../Users/Gor/Documents/Unreal Projects/Mygame/Saved/Autosaves/Game/GameModels/Level1-1/derevo4_Auto2.uasset" 714
"../../../../../../Users/Gor/Documents/Unreal Projects/Mygame/Saved/Autosaves/Game/GameModels/Level1-1/derevo51_Auto1.uasset" 715
"../../../../../../Users/Gor/Documents/Unreal Projects/Mygame/Saved/Autosaves/Game/GameModels/Level1-1/derevo51_Auto2.uasset" 716
"../../../../../../Users/Gor/Documents/Unreal Projects/Mygame/Saved/Autosaves/Game/GameModels/Level1-1/derevo52_Auto2.uasset" 717
"../../../../../../Users/Gor/Documents/Unreal Projects/Mygame/Saved/Autosaves/Game/GameModels/Level1-1/derevo53_Auto1.uasset" 718
"../../../../../../Users/Gor/Documents/Unreal Projects/Mygame/Saved/Autosaves/Game/GameModels/Level1-1/derevo53_Auto2.uasset" 719
"../../../../../../Users/Gor/Documents/Unreal Projects/Mygame/Saved/Autosaves/Game/GameModels/Level1-1/derevo54_Auto2.uasset" 720
"../../../../../../Users/Gor/Documents/Unreal Projects/Mygame/Saved/Autosaves/Game/GameModels/Level1-1/derevo55_Auto2.uasset" 721
"../../../../../../Users/Gor/Documents/Unreal Projects/Mygame/Saved/Autosaves/Game/GameModels/Level1-1/derevo56_Auto2.uasset" 722
"../../../../../../Users/Gor/Documents/Unreal Projects/Mygame/Saved/Autosaves/Game/GameModels/Level1-1/derevo5_Auto1.uasset" 723
"../../../../../../Users/Gor/Documents/Unreal Projects/Mygame/Saved/Autosaves/Game/GameModels/Level1-1/derevo5_Auto2.uasset" 724
"../../../../../../Users/Gor/Documents/Unreal Projects/Mygame/Saved/Autosaves/Game/GameModels/Level1-1/derevo62+72_Auto2.uasset" 725
"../../../../../../Users/Gor/Documents/Unreal Projects/Mygame/Saved/Autosaves/Game/GameModels/Level1-1/derevo63+73_Auto2.uasset" 726
"../../../../../../Users/Gor/Documents/Unreal Projects/Mygame/Saved/Autosaves/Game/GameModels/Level1-1/derevo64-140_Auto1.uasset" 727
"../../../../../../Users/Gor/Documents/Unreal Projects/Mygame/Saved/Autosaves/Game/GameModels/Level1-1/derevo64-140_Auto2.uasset" 728
"../../../../../../Users/Gor/Documents/Unreal Projects/Mygame/Saved/Autosaves/Game/GameModels/Level1-1/derevo65+70_Auto2.uasset" 729
"../../../../../../Users/Gor/Documents/Unreal Projects/Mygame/Saved/Autosaves/Game/GameModels/Level1-1/derevo6_Auto1.uasset" 730
"../../../../../../Users/Gor/Documents/Unreal Projects/Mygame/Saved/Autosaves/Game/GameModels/Level1-1/derevo6_Auto2.uasset" 731
"../../../../../../Users/Gor/Documents/Unreal Projects/Mygame/Saved/Autosaves/Game/GameModels/Level1-1/derevo71+130_Auto1.uasset" 732
"../../../../../../Users/Gor/Documents/Unreal Projects/Mygame/Saved/Autosaves/Game/GameModels/Level1-1/derevo71+130_Auto2.uasset" 733
"../../../../../../Users/Gor/Documents/Unreal Projects/Mygame/Saved/Autosaves/Game/GameModels/Level1-1/derevo74+129_Auto1.uasset" 734
"../../../../../../Users/Gor/Documents/Unreal Projects/Mygame/Saved/Autosaves/Game/GameModels/Level1-1/derevo74+129_Auto2.uasset" 735
"../../../../../../Users/Gor/Documents/Unreal Projects/Mygame/Saved/Autosaves/Game/GameModels/Level1-1/derevo81_Auto2.uasset" 736
"../../../../../../Users/Gor/Documents/Unreal Projects/Mygame/Saved/Autosaves/Game/GameModels/Level1-1/derevo84_Auto2.uasset" 737
"../../../../../../Users/Gor/Documents/Unreal Projects/Mygame/Saved/Autosaves/Game/GameModels/Level1-1/derevo85_Auto2.uasset" 738
"../../../../../../Users/Gor/Documents/Unreal Projects/Mygame/Saved/Autosaves/Game/GameModels/Level1-1/derevo87_Auto2.uasset" 739
"../../../../../../Users/Gor/Documents/Unreal Projects/Mygame/Saved/Autosaves/Game/GameModels/Level1-1/derevo88_Auto2.uasset" 740
"../../../../../../Users/Gor/Documents/Unreal Projects/Mygame/Saved/Autosaves/Game/GameModels/Level1-1/derevo89_Auto2.uasset" 741
"../../../../../../Users/Gor/Documents/Unreal Projects/Mygame/Saved/Autosaves/Game/GameModels/Level1-1/el1_Auto1.uasset" 742
"../../../../../../Users/Gor/Documents/Unreal Projects/Mygame/Saved/Autosaves/Game/GameModels/Level1-1/el1_Auto2.uasset" 743
"../../../../../../Users/Gor/Documents/Unreal Projects/Mygame/Saved/Autosaves/Game/GameModels/Level1-1/el2_Auto1.uasset" 744
"../../../../../../Users/Gor/Documents/Unreal Projects/Mygame/Saved/Autosaves/Game/GameModels/Level1-1/el2_Auto2.uasset" 745
"../../../../../../Users/Gor/Documents/Unreal Projects/Mygame/Saved/Autosaves/Game/GameModels/Level1-1/el3_Auto1.uasset" 746
"../../../../../../Users/Gor/Documents/Unreal Projects/Mygame/Saved/Autosaves/Game/GameModels/Level1-1/el3_Auto2.uasset" 747
"../../../../../../Users/Gor/Documents/Unreal Projects/Mygame/Saved/Autosaves/Game/GameModels/Level1-1/green_Auto1.uasset" 748
"../../../../../../Users/Gor/Documents/Unreal Projects/Mygame/Saved/Autosaves/Game/GameModels/Level1-1/green_Auto2.uasset" 749
"../../../../../../Users/Gor/Documents/Unreal Projects/Mygame/Saved/Autosaves/Game/GameModels/Level1-1/green_c_white_Auto2.uasset" 750
"../../../../../../Users/Gor/Documents/Unreal Projects/Mygame/Saved/Autosaves/Game/GameModels/Level1-1/green_c_white_Mat_Auto2.uasset" 751
"../../../../../../Users/Gor/Documents/Unreal Projects/Mygame/Saved/Autosaves/Game/GameModels/Level1-1/green_Mat_Auto1.uasset" 752
"../../../../../../Users/Gor/Documents/Unreal Projects/Mygame/Saved/Autosaves/Game/GameModels/Level1-1/orange_Auto1.uasset" 753
"../../../../../../Users/Gor/Documents/Unreal Projects/Mygame/Saved/Autosaves/Game/GameModels/Level1-1/orange_Auto2.uasset" 754
"../../../../../../Users/Gor/Documents/Unreal Projects/Mygame/Saved/Autosaves/Game/GameModels/Level1-1/orange_Mat_Auto1.uasset" 755
"../../../../../../Users/Gor/Documents/Unreal Projects/Mygame/Saved/Autosaves/Game/GameModels/Level1-1/orange_Mat_Auto5.uasset" 756
"../../../../../../Users/Gor/Documents/Unreal Projects/Mygame/Saved/Autosaves/Game/GameModels/Level1-1/t1_Auto1.uasset" 757
"../../../../../../Users/Gor/Documents/Unreal Projects/Mygame/Saved/Autosaves/Game/GameModels/Level1-1/tree10_Auto2.uasset" 758
"../../../../../../Users/Gor/Documents/Unreal Projects/Mygame/Saved/Autosaves/Game/GameModels/Level1-1/tree11_Auto2.uasset" 759
"../../../../../../Users/Gor/Documents/Unreal Projects/Mygame/Saved/Autosaves/Game/GameModels/Level1-1/tree12_Auto2.uasset" 760
"../../../../../../Users/Gor/Documents/Unreal Projects/Mygame/Saved/Autosaves/Game/GameModels/Level1-1/tree12_Auto5.uasset" 761
"../../../../../../Users/Gor/Documents/Unreal Projects/Mygame/Saved/Autosaves/Game/GameModels/Level1-1/tree1_Auto2.uasset" 762
"../../../../../../Users/Gor/Documents/Unreal Projects/Mygame/Saved/Autosaves/Game/GameModels/Level1-1/tree2_Auto2.uasset" 763
"../../../../../../Users/Gor/Documents/Unreal Projects/Mygame/Saved/Autosaves/Game/GameModels/Level1-1/tree3_Auto2.uasset" 764
"../../../../../../Users/Gor/Documents/Unreal Projects/Mygame/Saved/Autosaves/Game/GameModels/Level1-1/tree4_Auto2.uasset" 765
"../../../../../../Users/Gor/Documents/Unreal Projects/Mygame/Saved/Autosaves/Game/GameModels/Level1-1/tree5_Auto2.uasset" 766
"../../../../../../Users/Gor/Documents/Unreal Projects/Mygame/Saved/Autosaves/Game/GameModels/Level1-1/tree6_Auto2.uasset" 767
"../../../../../../Users/Gor/Documents/Unreal Projects/Mygame/Saved/Autosaves/Game/GameModels/Level1-1/tree7_Auto2.uasset" 768
"../../../../../../Users/Gor/Documents/Unreal Projects/Mygame/Saved/Autosaves/Game/GameModels/Level1-1/tree8_Auto2.uasset" 769
"../../../../../../Users/Gor/Documents/Unreal Projects/Mygame/Saved/Autosaves/Game/GameModels/Level1-1/tree9_Auto2.uasset" 770
"../../../../../../Users/Gor/Documents/Unreal Projects/Mygame/Saved/Autosaves/Game/GameModels/Level1-1/untitled1-16_Auto2.uasset" 771
"../../../../../../Users/Gor/Documents/Unreal Projects/Mygame/Saved/Autosaves/Game/GameModels/Level1-1/untitled13-1_Auto1.uasset" 772
"../../../../../../Users/Gor/Documents/Unreal Projects/Mygame/Saved/Autosaves/Game/GameModels/Level1-1/untitled13-2_Auto1.uasset" 773
"../../../../../../Users/Gor/Documents/Unreal Projects/Mygame/Saved/Autosaves/Game/GameModels/Level1-1/untitled1_Auto2.uasset" 774
"../../../../../../Users/Gor/Documents/Unreal Projects/Mygame/Saved/Autosaves/Game/GameModels/Level1-1/untitled3-8_Auto2.uasset" 775
"../../../../../../Users/Gor/Documents/Unreal Projects/Mygame/Saved/Autosaves/Game/GameModels/Level1-1/untitled3-8_Mat_Auto5.uasset" 776
"../../../../../../Users/Gor/Documents/Unreal Projects/Mygame/Saved/Autosaves/Game/GameModels/Level1-1/ya_Auto3.uasset" 777
"../../../../../../Users/Gor/Documents/Unreal Projects/Mygame/Saved/Autosaves/Game/GameModels/Level1-1/ya_Mat_Auto3.uasset" 778
"../../../../../../Users/Gor/Documents/Unreal Projects/Mygame/Saved/Autosaves/Game/GameModels/Level1-1/yes_Auto3.uasset" 779
"../../../../../../Users/Gor/Documents/Unreal Projects/Mygame/Saved/Autosaves/Game/GameModels/Level1-1/?????_2_Auto1.uasset" 780
"../../../../../../Users/Gor/Documents/Unreal Projects/Mygame/Saved/Autosaves/Game/GameModels/Level1-1/?????_2_Mat_Auto1.uasset" 781
"../../../../../../Users/Gor/Documents/Unreal Projects/Mygame/Saved/Autosaves/Game/Interfaces/CharBox_Auto2.uasset" 782
"../../../../../../Users/Gor/Documents/Unreal Projects/Mygame/Saved/Autosaves/Game/Interfaces/CharBox_Auto4.uasset" 783
"../../../../../../Users/Gor/Documents/Unreal Projects/Mygame/Saved/Autosaves/Game/LevelNumber/LevelNumber_Auto1.uasset" 784
"../../../../../../Users/Gor/Documents/Unreal Projects/Mygame/Saved/Autosaves/Game/Maps/level1_Auto0.umap" 785
"../../../../../../Users/Gor/Documents/Unreal Projects/Mygame/Saved/Autosaves/Game/Maps/level1_Auto1.umap" 786
"../../../../../../Users/Gor/Documents/Unreal Projects/Mygame/Saved/Autosaves/Game/Maps/level1_Auto2.umap" 787
"../../../../../../Users/Gor/Documents/Unreal Projects/Mygame/Saved/Autosaves/Game/Maps/level1_Auto3.umap" 788
"../../../../../../Users/Gor/Documents/Unreal Projects/Mygame/Saved/Autosaves/Game/Maps/level1_Auto4.umap" 789
"../../../../../../Users/Gor/Documents/Unreal Projects/Mygame/Saved/Autosaves/Game/Maps/level1_Auto5.umap" 790
"../../../../../../Users/Gor/Documents/Unreal Projects/Mygame/Saved/Autosaves/Game/Maps/level1_Auto6.umap" 791
"../../../../../../Users/Gor/Documents/Unreal Projects/Mygame/Saved/Autosaves/Game/Maps/level1_Auto7.umap" 792
"../../../../../../Users/Gor/Documents/Unreal Projects/Mygame/Saved/Autosaves/Game/Maps/level1_Auto8.umap" 793
"../../../../../../Users/Gor/Documents/Unreal Projects/Mygame/Saved/Autosaves/Game/Maps/level1_Auto9.umap" 794
"../../../../../../Users/Gor/Documents/Unreal Projects/Mygame/Saved/Autosaves/Game/Maps/level2_Auto1.umap" 795
"../../../../../../Users/Gor/Documents/Unreal Projects/Mygame/Saved/Autosaves/Game/Maps/level2_Auto2.umap" 796
"../../../../../../Users/Gor/Documents/Unreal Projects/Mygame/Saved/Autosaves/Game/Maps/level2_Auto3.umap" 797
"../../../../../../Users/Gor/Documents/Unreal Projects/Mygame/Saved/Autosaves/Game/Maps/level2_Auto4.umap" 798
"../../../../../../Users/Gor/Documents/Unreal Projects/Mygame/Saved/Autosaves/Game/Maps/level2_Auto5.umap" 799
"../../../../../../Users/Gor/Documents/Unreal Projects/Mygame/Saved/Autosaves/Game/Maps/level2_Auto6.umap" 800
"../../../../../../Users/Gor/Documents/Unreal Projects/Mygame/Saved/Autosaves/Game/Maps/level2_Auto7.umap" 801
"../../../../../../Users/Gor/Documents/Unreal Projects/Mygame/Saved/Autosaves/Game/Maps/level2_Auto8.umap" 802
"../../../../../../Users/Gor/Documents/Unreal Projects/Mygame/Saved/Autosaves/Game/Maps/level2_Auto9.umap" 803
"../../../../../../Users/Gor/Documents/Unreal Projects/Mygame/Saved/Autosaves/Game/Maps/level3_Auto1.umap" 804
"../../../../../../Users/Gor/Documents/Unreal Projects/Mygame/Saved/Autosaves/Game/Maps/level3_Auto3.umap" 805
"../../../../../../Users/Gor/Documents/Unreal Projects/Mygame/Saved/Autosaves/Game/Maps/level5_Auto2.umap" 806
"../../../../../../Users/Gor/Documents/Unreal Projects/Mygame/Saved/Autosaves/Game/Maps/mainmenulevel_Auto0.umap" 807
"../../../../../../Users/Gor/Documents/Unreal Projects/Mygame/Saved/Autosaves/Game/Maps/mainmenulevel_Auto1.umap" 808
"../../../../../../Users/Gor/Documents/Unreal Projects/Mygame/Saved/Autosaves/Game/Maps/mainmenulevel_Auto2.umap" 809
"../../../../../../Users/Gor/Documents/Unreal Projects/Mygame/Saved/Autosaves/Game/Maps/mainmenulevel_Auto3.umap" 810
"../../../../../../Users/Gor/Documents/Unreal Projects/Mygame/Saved/Autosaves/Game/Maps/mainmenulevel_Auto4.umap" 811
"../../../../../../Users/Gor/Documents/Unreal Projects/Mygame/Saved/Autosaves/Game/Maps/mainmenulevel_Auto5.umap" 812
"../../../../../../Users/Gor/Documents/Unreal Projects/Mygame/Saved/Autosaves/Game/Maps/mainmenulevel_Auto6.umap" 813
"../../../../../../Users/Gor/Documents/Unreal Projects/Mygame/Saved/Autosaves/Game/Maps/mainmenulevel_Auto7.umap" 814
"../../../../../../Users/Gor/Documents/Unreal Projects/Mygame/Saved/Autosaves/Game/Maps/mainmenulevel_Auto9.umap" 815
"../../../../../../Users/Gor/Documents/Unreal Projects/Mygame/Saved/Autosaves/Game/Maps/UEDPClevel1.umap" 816
"../../../../../../Users/Gor/Documents/Unreal Projects/Mygame/Saved/Autosaves/Game/Maps/UEDPClevel2.umap" 817
"../../../../../../Users/Gor/Documents/Unreal Projects/Mygame/Saved/Autosaves/Game/Maps/UEDPClevel3.umap" 818
"../../../../../../Users/Gor/Documents/Unreal Projects/Mygame/Saved/Autosaves/Game/Maps/UEDPClevel5.umap" 819
"../../../../../../Users/Gor/Documents/Unreal Projects/Mygame/Saved/Autosaves/Game/Maps/UEDPCmainmenulevel.umap" 820
"../../../../../../Users/Gor/Documents/Unreal Projects/Mygame/Saved/Autosaves/Game/Maps/Story1/level1_Auto0.umap" 821
"../../../../../../Users/Gor/Documents/Unreal Projects/Mygame/Saved/Autosaves/Game/Maps/Story1/level1_Auto1.umap" 822
"../../../../../../Users/Gor/Documents/Unreal Projects/Mygame/Saved/Autosaves/Game/Maps/Story1/level1_Auto2.umap" 823
"../../../../../../Users/Gor/Documents/Unreal Projects/Mygame/Saved/Autosaves/Game/Maps/Story1/level1_Auto3.umap" 824
"../../../../../../Users/Gor/Documents/Unreal Projects/Mygame/Saved/Autosaves/Game/Maps/Story1/level1_Auto4.umap" 825
"../../../../../../Users/Gor/Documents/Unreal Projects/Mygame/Saved/Autosaves/Game/Maps/Story1/level1_Auto5.umap" 826
